2023-05-19 13:03:40.2787||TRACE|Ocelot.Logging.OcelotDiagnosticListener|requestId: no request id, previousRequestId: no previous request id, message: MiddlewareStarting: Microsoft.AspNetCore.Diagnostics.DeveloperExceptionPageMiddleware; / 
2023-05-19 13:03:40.4532||TRACE|Ocelot.Logging.OcelotDiagnosticListener|requestId: no request id, previousRequestId: no previous request id, message: MiddlewareStarting: Microsoft.AspNetCore.Routing.EndpointRoutingMiddleware; / 
2023-05-19 13:03:40.5227||TRACE|Ocelot.Logging.OcelotDiagnosticListener|requestId: no request id, previousRequestId: no previous request id, message: MiddlewareStarting: Microsoft.AspNetCore.Builder.UseMiddlewareExtensions+<>c__DisplayClass5_1; / 
2023-05-19 13:03:40.5598||WARN|Microsoft.AspNetCore.HttpsPolicy.HttpsRedirectionMiddleware|Failed to determine the https port for redirect. 
2023-05-19 13:03:40.6115||DEBUG|Ocelot.Errors.Middleware.ExceptionHandlerMiddleware|requestId: 0HMQO8VO1V0S6:00000002, previousRequestId: no previous request id, message: ocelot pipeline started 
2023-05-19 13:03:40.6237||DEBUG|Ocelot.DownstreamRouteFinder.Middleware.DownstreamRouteFinderMiddleware|requestId: 0HMQO8VO1V0S6:00000002, previousRequestId: no previous request id, message: Upstream url path is / 
2023-05-19 13:03:40.6451||WARN|Ocelot.DownstreamRouteFinder.Middleware.DownstreamRouteFinderMiddleware|requestId: 0HMQO8VO1V0S6:00000002, previousRequestId: no previous request id, message: DownstreamRouteFinderMiddleware setting pipeline errors. IDownstreamRouteFinder returned Error Code: UnableToFindDownstreamRouteError Message: Failed to match Route configuration for upstream path: /, verb: GET. 
2023-05-19 13:03:40.6451||WARN|Ocelot.Responder.Middleware.ResponderMiddleware|requestId: 0HMQO8VO1V0S6:00000002, previousRequestId: no previous request id, message: Error Code: UnableToFindDownstreamRouteError Message: Failed to match Route configuration for upstream path: /, verb: GET. errors found in ResponderMiddleware. Setting error response for request path:/, request method: GET 
2023-05-19 13:03:40.6451||DEBUG|Ocelot.Errors.Middleware.ExceptionHandlerMiddleware|requestId: 0HMQO8VO1V0S6:00000002, previousRequestId: no previous request id, message: ocelot pipeline finished 
2023-05-19 13:03:40.6597||INFO|LoanService.OcelotMiddleware|Request: http localhost:5003/  
Request headers:
Accept:text/html,application/xhtml+xml,application/xml;q=0.9,image/avif,image/webp,image/apng,*/*;q=0.8,application/signed-exchange;v=b3;q=0.7
Connection:keep-alive
Host:localhost:5003
User-Agent:Mozilla/5.0 (Windows NT 10.0; Win64; x64) AppleWebKit/537.36 (KHTML, like Gecko) Chrome/113.0.0.0 Safari/537.36
Accept-Encoding:gzip, deflate, br
Accept-Language:en-US,en;q=0.9
Upgrade-Insecure-Requests:1
sec-ch-ua:"Google Chrome";v="113", "Chromium";v="113", "Not-A.Brand";v="24"
sec-ch-ua-mobile:?0
sec-ch-ua-platform:"Windows"
Sec-Fetch-Site:none
Sec-Fetch-Mode:navigate
Sec-Fetch-User:?1
Sec-Fetch-Dest:document
Response: 404: 
Response headers: 
 
2023-05-19 13:03:40.6597||TRACE|Ocelot.Logging.OcelotDiagnosticListener|requestId: 0HMQO8VO1V0S6:00000002, previousRequestId: no previous request id, message: MiddlewareFinished: Microsoft.AspNetCore.Builder.UseMiddlewareExtensions+<>c__DisplayClass5_1; 404 
2023-05-19 13:03:40.6597||TRACE|Ocelot.Logging.OcelotDiagnosticListener|requestId: 0HMQO8VO1V0S6:00000002, previousRequestId: no previous request id, message: MiddlewareFinished: Microsoft.AspNetCore.Routing.EndpointRoutingMiddleware; 404 
2023-05-19 13:03:40.6597||TRACE|Ocelot.Logging.OcelotDiagnosticListener|requestId: 0HMQO8VO1V0S6:00000002, previousRequestId: no previous request id, message: MiddlewareFinished: Microsoft.AspNetCore.Diagnostics.DeveloperExceptionPageMiddleware; 404 
2023-05-19 13:03:46.4789||TRACE|Ocelot.Logging.OcelotDiagnosticListener|requestId: no request id, previousRequestId: no previous request id, message: MiddlewareStarting: Microsoft.AspNetCore.Diagnostics.DeveloperExceptionPageMiddleware; / 
2023-05-19 13:03:46.4789||TRACE|Ocelot.Logging.OcelotDiagnosticListener|requestId: no request id, previousRequestId: no previous request id, message: MiddlewareStarting: Microsoft.AspNetCore.Routing.EndpointRoutingMiddleware; / 
2023-05-19 13:03:46.4789||TRACE|Ocelot.Logging.OcelotDiagnosticListener|requestId: no request id, previousRequestId: no previous request id, message: MiddlewareStarting: Microsoft.AspNetCore.Builder.UseMiddlewareExtensions+<>c__DisplayClass5_1; / 
2023-05-19 13:03:46.4789||DEBUG|Ocelot.Errors.Middleware.ExceptionHandlerMiddleware|requestId: 0HMQO8VO1V0S6:00000003, previousRequestId: no previous request id, message: ocelot pipeline started 
2023-05-19 13:03:46.4862||DEBUG|Ocelot.DownstreamRouteFinder.Middleware.DownstreamRouteFinderMiddleware|requestId: 0HMQO8VO1V0S6:00000003, previousRequestId: no previous request id, message: Upstream url path is / 
2023-05-19 13:03:46.4862||WARN|Ocelot.DownstreamRouteFinder.Middleware.DownstreamRouteFinderMiddleware|requestId: 0HMQO8VO1V0S6:00000003, previousRequestId: no previous request id, message: DownstreamRouteFinderMiddleware setting pipeline errors. IDownstreamRouteFinder returned Error Code: UnableToFindDownstreamRouteError Message: Failed to match Route configuration for upstream path: /, verb: GET. 
2023-05-19 13:03:46.4862||WARN|Ocelot.Responder.Middleware.ResponderMiddleware|requestId: 0HMQO8VO1V0S6:00000003, previousRequestId: no previous request id, message: Error Code: UnableToFindDownstreamRouteError Message: Failed to match Route configuration for upstream path: /, verb: GET. errors found in ResponderMiddleware. Setting error response for request path:/, request method: GET 
2023-05-19 13:03:46.4862||DEBUG|Ocelot.Errors.Middleware.ExceptionHandlerMiddleware|requestId: 0HMQO8VO1V0S6:00000003, previousRequestId: no previous request id, message: ocelot pipeline finished 
2023-05-19 13:03:46.4862||INFO|LoanService.OcelotMiddleware|Request: http localhost:5003/  
Request headers:
Accept:text/html,application/xhtml+xml,application/xml;q=0.9,image/avif,image/webp,image/apng,*/*;q=0.8,application/signed-exchange;v=b3;q=0.7
Connection:keep-alive
Host:localhost:5003
User-Agent:Mozilla/5.0 (Windows NT 10.0; Win64; x64) AppleWebKit/537.36 (KHTML, like Gecko) Chrome/113.0.0.0 Safari/537.36
Accept-Encoding:gzip, deflate, br
Accept-Language:en-US,en;q=0.9
Cache-Control:max-age=0
Upgrade-Insecure-Requests:1
sec-ch-ua:"Google Chrome";v="113", "Chromium";v="113", "Not-A.Brand";v="24"
sec-ch-ua-mobile:?0
sec-ch-ua-platform:"Windows"
Sec-Fetch-Site:none
Sec-Fetch-Mode:navigate
Sec-Fetch-User:?1
Sec-Fetch-Dest:document
Response: 404: 
Response headers: 
 
2023-05-19 13:03:46.4862||TRACE|Ocelot.Logging.OcelotDiagnosticListener|requestId: 0HMQO8VO1V0S6:00000003, previousRequestId: no previous request id, message: MiddlewareFinished: Microsoft.AspNetCore.Builder.UseMiddlewareExtensions+<>c__DisplayClass5_1; 404 
2023-05-19 13:03:46.4862||TRACE|Ocelot.Logging.OcelotDiagnosticListener|requestId: 0HMQO8VO1V0S6:00000003, previousRequestId: no previous request id, message: MiddlewareFinished: Microsoft.AspNetCore.Routing.EndpointRoutingMiddleware; 404 
2023-05-19 13:03:46.4862||TRACE|Ocelot.Logging.OcelotDiagnosticListener|requestId: 0HMQO8VO1V0S6:00000003, previousRequestId: no previous request id, message: MiddlewareFinished: Microsoft.AspNetCore.Diagnostics.DeveloperExceptionPageMiddleware; 404 
2023-05-19 13:04:48.6937||TRACE|Ocelot.Logging.OcelotDiagnosticListener|requestId: no request id, previousRequestId: no previous request id, message: MiddlewareStarting: Microsoft.AspNetCore.Diagnostics.DeveloperExceptionPageMiddleware; /swagger 
2023-05-19 13:04:48.6937||TRACE|Ocelot.Logging.OcelotDiagnosticListener|requestId: no request id, previousRequestId: no previous request id, message: MiddlewareStarting: Microsoft.AspNetCore.Routing.EndpointRoutingMiddleware; /swagger 
2023-05-19 13:04:48.6937||TRACE|Ocelot.Logging.OcelotDiagnosticListener|requestId: no request id, previousRequestId: no previous request id, message: MiddlewareStarting: Microsoft.AspNetCore.Builder.UseMiddlewareExtensions+<>c__DisplayClass5_1; /swagger 
2023-05-19 13:04:48.7015||TRACE|Ocelot.Logging.OcelotDiagnosticListener|requestId: no request id, previousRequestId: no previous request id, message: MiddlewareFinished: Microsoft.AspNetCore.Builder.UseMiddlewareExtensions+<>c__DisplayClass5_1; 301 
2023-05-19 13:04:48.7015||TRACE|Ocelot.Logging.OcelotDiagnosticListener|requestId: no request id, previousRequestId: no previous request id, message: MiddlewareFinished: Microsoft.AspNetCore.Routing.EndpointRoutingMiddleware; 301 
2023-05-19 13:04:48.7015||TRACE|Ocelot.Logging.OcelotDiagnosticListener|requestId: no request id, previousRequestId: no previous request id, message: MiddlewareFinished: Microsoft.AspNetCore.Diagnostics.DeveloperExceptionPageMiddleware; 301 
2023-05-19 13:04:48.7788||TRACE|Ocelot.Logging.OcelotDiagnosticListener|requestId: no request id, previousRequestId: no previous request id, message: MiddlewareStarting: Microsoft.AspNetCore.Diagnostics.DeveloperExceptionPageMiddleware; /swagger/index.html 
2023-05-19 13:04:48.7788||TRACE|Ocelot.Logging.OcelotDiagnosticListener|requestId: no request id, previousRequestId: no previous request id, message: MiddlewareStarting: Microsoft.AspNetCore.Routing.EndpointRoutingMiddleware; /swagger/index.html 
2023-05-19 13:04:48.7788||TRACE|Ocelot.Logging.OcelotDiagnosticListener|requestId: no request id, previousRequestId: no previous request id, message: MiddlewareStarting: Microsoft.AspNetCore.Builder.UseMiddlewareExtensions+<>c__DisplayClass5_1; /swagger/index.html 
2023-05-19 13:04:48.9995||TRACE|Ocelot.Logging.OcelotDiagnosticListener|requestId: no request id, previousRequestId: no previous request id, message: MiddlewareFinished: Microsoft.AspNetCore.Builder.UseMiddlewareExtensions+<>c__DisplayClass5_1; 200 
2023-05-19 13:04:48.9995||TRACE|Ocelot.Logging.OcelotDiagnosticListener|requestId: no request id, previousRequestId: no previous request id, message: MiddlewareFinished: Microsoft.AspNetCore.Routing.EndpointRoutingMiddleware; 200 
2023-05-19 13:04:48.9995||TRACE|Ocelot.Logging.OcelotDiagnosticListener|requestId: no request id, previousRequestId: no previous request id, message: MiddlewareFinished: Microsoft.AspNetCore.Diagnostics.DeveloperExceptionPageMiddleware; 200 
2023-05-19 13:04:49.1206||TRACE|Ocelot.Logging.OcelotDiagnosticListener|requestId: no request id, previousRequestId: no previous request id, message: MiddlewareStarting: Microsoft.AspNetCore.Diagnostics.DeveloperExceptionPageMiddleware; /swagger/swagger-ui.css 
2023-05-19 13:04:49.1206||TRACE|Ocelot.Logging.OcelotDiagnosticListener|requestId: no request id, previousRequestId: no previous request id, message: MiddlewareStarting: Microsoft.AspNetCore.Diagnostics.DeveloperExceptionPageMiddleware; /swagger/swagger-ui-bundle.js 
2023-05-19 13:04:49.1206||TRACE|Ocelot.Logging.OcelotDiagnosticListener|requestId: no request id, previousRequestId: no previous request id, message: MiddlewareStarting: Microsoft.AspNetCore.Diagnostics.DeveloperExceptionPageMiddleware; /swagger/swagger-ui-standalone-preset.js 
2023-05-19 13:04:49.1238||TRACE|Ocelot.Logging.OcelotDiagnosticListener|requestId: no request id, previousRequestId: no previous request id, message: MiddlewareStarting: Microsoft.AspNetCore.Routing.EndpointRoutingMiddleware; /swagger/swagger-ui.css 
2023-05-19 13:04:49.1238||TRACE|Ocelot.Logging.OcelotDiagnosticListener|requestId: no request id, previousRequestId: no previous request id, message: MiddlewareStarting: Microsoft.AspNetCore.Routing.EndpointRoutingMiddleware; /swagger/swagger-ui-bundle.js 
2023-05-19 13:04:49.1238||TRACE|Ocelot.Logging.OcelotDiagnosticListener|requestId: no request id, previousRequestId: no previous request id, message: MiddlewareStarting: Microsoft.AspNetCore.Routing.EndpointRoutingMiddleware; /swagger/swagger-ui-standalone-preset.js 
2023-05-19 13:04:49.1238||TRACE|Ocelot.Logging.OcelotDiagnosticListener|requestId: no request id, previousRequestId: no previous request id, message: MiddlewareStarting: Microsoft.AspNetCore.Builder.UseMiddlewareExtensions+<>c__DisplayClass5_1; /swagger/swagger-ui.css 
2023-05-19 13:04:49.1238||TRACE|Ocelot.Logging.OcelotDiagnosticListener|requestId: no request id, previousRequestId: no previous request id, message: MiddlewareStarting: Microsoft.AspNetCore.Builder.UseMiddlewareExtensions+<>c__DisplayClass5_1; /swagger/swagger-ui-bundle.js 
2023-05-19 13:04:49.1238||TRACE|Ocelot.Logging.OcelotDiagnosticListener|requestId: no request id, previousRequestId: no previous request id, message: MiddlewareStarting: Microsoft.AspNetCore.Builder.UseMiddlewareExtensions+<>c__DisplayClass5_1; /swagger/swagger-ui-standalone-preset.js 
2023-05-19 13:04:49.1924||TRACE|Ocelot.Logging.OcelotDiagnosticListener|requestId: no request id, previousRequestId: no previous request id, message: MiddlewareFinished: Microsoft.AspNetCore.Builder.UseMiddlewareExtensions+<>c__DisplayClass5_1; 200 
2023-05-19 13:04:49.1924||TRACE|Ocelot.Logging.OcelotDiagnosticListener|requestId: no request id, previousRequestId: no previous request id, message: MiddlewareFinished: Microsoft.AspNetCore.Builder.UseMiddlewareExtensions+<>c__DisplayClass5_1; 200 
2023-05-19 13:04:49.2092||TRACE|Ocelot.Logging.OcelotDiagnosticListener|requestId: no request id, previousRequestId: no previous request id, message: MiddlewareFinished: Microsoft.AspNetCore.Routing.EndpointRoutingMiddleware; 200 
2023-05-19 13:04:49.2092||TRACE|Ocelot.Logging.OcelotDiagnosticListener|requestId: no request id, previousRequestId: no previous request id, message: MiddlewareFinished: Microsoft.AspNetCore.Routing.EndpointRoutingMiddleware; 200 
2023-05-19 13:04:49.2092||TRACE|Ocelot.Logging.OcelotDiagnosticListener|requestId: no request id, previousRequestId: no previous request id, message: MiddlewareFinished: Microsoft.AspNetCore.Diagnostics.DeveloperExceptionPageMiddleware; 200 
2023-05-19 13:04:49.2092||TRACE|Ocelot.Logging.OcelotDiagnosticListener|requestId: no request id, previousRequestId: no previous request id, message: MiddlewareFinished: Microsoft.AspNetCore.Diagnostics.DeveloperExceptionPageMiddleware; 200 
2023-05-19 13:04:49.2295||TRACE|Ocelot.Logging.OcelotDiagnosticListener|requestId: no request id, previousRequestId: no previous request id, message: MiddlewareFinished: Microsoft.AspNetCore.Builder.UseMiddlewareExtensions+<>c__DisplayClass5_1; 200 
2023-05-19 13:04:49.2295||TRACE|Ocelot.Logging.OcelotDiagnosticListener|requestId: no request id, previousRequestId: no previous request id, message: MiddlewareFinished: Microsoft.AspNetCore.Routing.EndpointRoutingMiddleware; 200 
2023-05-19 13:04:49.2295||TRACE|Ocelot.Logging.OcelotDiagnosticListener|requestId: no request id, previousRequestId: no previous request id, message: MiddlewareFinished: Microsoft.AspNetCore.Diagnostics.DeveloperExceptionPageMiddleware; 200 
2023-05-19 13:04:50.0484||TRACE|Ocelot.Logging.OcelotDiagnosticListener|requestId: no request id, previousRequestId: no previous request id, message: MiddlewareStarting: Microsoft.AspNetCore.Diagnostics.DeveloperExceptionPageMiddleware; /swagger/v1/swagger.json 
2023-05-19 13:04:50.0484||TRACE|Ocelot.Logging.OcelotDiagnosticListener|requestId: no request id, previousRequestId: no previous request id, message: MiddlewareStarting: Microsoft.AspNetCore.Routing.EndpointRoutingMiddleware; /swagger/v1/swagger.json 
2023-05-19 13:04:50.0484||TRACE|Ocelot.Logging.OcelotDiagnosticListener|requestId: no request id, previousRequestId: no previous request id, message: MiddlewareStarting: Microsoft.AspNetCore.Builder.UseMiddlewareExtensions+<>c__DisplayClass5_1; /swagger/v1/swagger.json 
2023-05-19 13:04:50.1026||TRACE|Ocelot.Logging.OcelotDiagnosticListener|requestId: no request id, previousRequestId: no previous request id, message: MiddlewareStarting: Microsoft.AspNetCore.Diagnostics.DeveloperExceptionPageMiddleware; /swagger/favicon-32x32.png 
2023-05-19 13:04:50.1053||TRACE|Ocelot.Logging.OcelotDiagnosticListener|requestId: no request id, previousRequestId: no previous request id, message: MiddlewareStarting: Microsoft.AspNetCore.Routing.EndpointRoutingMiddleware; /swagger/favicon-32x32.png 
2023-05-19 13:04:50.1053||TRACE|Ocelot.Logging.OcelotDiagnosticListener|requestId: no request id, previousRequestId: no previous request id, message: MiddlewareStarting: Microsoft.AspNetCore.Builder.UseMiddlewareExtensions+<>c__DisplayClass5_1; /swagger/favicon-32x32.png 
2023-05-19 13:04:50.1053||TRACE|Ocelot.Logging.OcelotDiagnosticListener|requestId: no request id, previousRequestId: no previous request id, message: MiddlewareFinished: Microsoft.AspNetCore.Builder.UseMiddlewareExtensions+<>c__DisplayClass5_1; 200 
2023-05-19 13:04:50.1053||TRACE|Ocelot.Logging.OcelotDiagnosticListener|requestId: no request id, previousRequestId: no previous request id, message: MiddlewareFinished: Microsoft.AspNetCore.Routing.EndpointRoutingMiddleware; 200 
2023-05-19 13:04:50.1053||TRACE|Ocelot.Logging.OcelotDiagnosticListener|requestId: no request id, previousRequestId: no previous request id, message: MiddlewareFinished: Microsoft.AspNetCore.Diagnostics.DeveloperExceptionPageMiddleware; 200 
2023-05-19 13:04:50.4929||TRACE|Ocelot.Logging.OcelotDiagnosticListener|requestId: no request id, previousRequestId: no previous request id, message: MiddlewareFinished: Microsoft.AspNetCore.Builder.UseMiddlewareExtensions+<>c__DisplayClass5_1; 200 
2023-05-19 13:04:50.4929||TRACE|Ocelot.Logging.OcelotDiagnosticListener|requestId: no request id, previousRequestId: no previous request id, message: MiddlewareFinished: Microsoft.AspNetCore.Routing.EndpointRoutingMiddleware; 200 
2023-05-19 13:04:50.4929||TRACE|Ocelot.Logging.OcelotDiagnosticListener|requestId: no request id, previousRequestId: no previous request id, message: MiddlewareFinished: Microsoft.AspNetCore.Diagnostics.DeveloperExceptionPageMiddleware; 200 
2023-05-19 13:07:10.9078||TRACE|Ocelot.Logging.OcelotDiagnosticListener|requestId: no request id, previousRequestId: no previous request id, message: MiddlewareStarting: Microsoft.AspNetCore.Diagnostics.DeveloperExceptionPageMiddleware; /swagger/index.html 
2023-05-19 13:07:11.0268||TRACE|Ocelot.Logging.OcelotDiagnosticListener|requestId: no request id, previousRequestId: no previous request id, message: MiddlewareStarting: Microsoft.AspNetCore.Routing.EndpointRoutingMiddleware; /swagger/index.html 
2023-05-19 13:07:11.0929||TRACE|Ocelot.Logging.OcelotDiagnosticListener|requestId: no request id, previousRequestId: no previous request id, message: MiddlewareStarting: Microsoft.AspNetCore.Builder.UseMiddlewareExtensions+<>c__DisplayClass5_1; /swagger/index.html 
2023-05-19 13:07:11.3173||TRACE|Ocelot.Logging.OcelotDiagnosticListener|requestId: no request id, previousRequestId: no previous request id, message: MiddlewareFinished: Microsoft.AspNetCore.Builder.UseMiddlewareExtensions+<>c__DisplayClass5_1; 200 
2023-05-19 13:07:11.3173||TRACE|Ocelot.Logging.OcelotDiagnosticListener|requestId: no request id, previousRequestId: no previous request id, message: MiddlewareFinished: Microsoft.AspNetCore.Routing.EndpointRoutingMiddleware; 200 
2023-05-19 13:07:11.3173||TRACE|Ocelot.Logging.OcelotDiagnosticListener|requestId: no request id, previousRequestId: no previous request id, message: MiddlewareFinished: Microsoft.AspNetCore.Diagnostics.DeveloperExceptionPageMiddleware; 200 
2023-05-19 13:07:11.7410||TRACE|Ocelot.Logging.OcelotDiagnosticListener|requestId: no request id, previousRequestId: no previous request id, message: MiddlewareStarting: Microsoft.AspNetCore.Diagnostics.DeveloperExceptionPageMiddleware; /swagger/v1/swagger.json 
2023-05-19 13:07:11.7410||TRACE|Ocelot.Logging.OcelotDiagnosticListener|requestId: no request id, previousRequestId: no previous request id, message: MiddlewareStarting: Microsoft.AspNetCore.Routing.EndpointRoutingMiddleware; /swagger/v1/swagger.json 
2023-05-19 13:07:11.7447||TRACE|Ocelot.Logging.OcelotDiagnosticListener|requestId: no request id, previousRequestId: no previous request id, message: MiddlewareStarting: Microsoft.AspNetCore.Builder.UseMiddlewareExtensions+<>c__DisplayClass5_1; /swagger/v1/swagger.json 
2023-05-19 13:07:12.1395||TRACE|Ocelot.Logging.OcelotDiagnosticListener|requestId: no request id, previousRequestId: no previous request id, message: MiddlewareFinished: Microsoft.AspNetCore.Builder.UseMiddlewareExtensions+<>c__DisplayClass5_1; 200 
2023-05-19 13:07:12.1395||TRACE|Ocelot.Logging.OcelotDiagnosticListener|requestId: no request id, previousRequestId: no previous request id, message: MiddlewareFinished: Microsoft.AspNetCore.Routing.EndpointRoutingMiddleware; 200 
2023-05-19 13:07:12.1395||TRACE|Ocelot.Logging.OcelotDiagnosticListener|requestId: no request id, previousRequestId: no previous request id, message: MiddlewareFinished: Microsoft.AspNetCore.Diagnostics.DeveloperExceptionPageMiddleware; 200 
2023-05-19 13:07:13.9935||TRACE|Ocelot.Logging.OcelotDiagnosticListener|requestId: no request id, previousRequestId: no previous request id, message: MiddlewareStarting: Microsoft.AspNetCore.Diagnostics.DeveloperExceptionPageMiddleware; /swagger/index.html 
2023-05-19 13:07:13.9935||TRACE|Ocelot.Logging.OcelotDiagnosticListener|requestId: no request id, previousRequestId: no previous request id, message: MiddlewareStarting: Microsoft.AspNetCore.Routing.EndpointRoutingMiddleware; /swagger/index.html 
2023-05-19 13:07:13.9960||TRACE|Ocelot.Logging.OcelotDiagnosticListener|requestId: no request id, previousRequestId: no previous request id, message: MiddlewareStarting: Microsoft.AspNetCore.Builder.UseMiddlewareExtensions+<>c__DisplayClass5_1; /swagger/index.html 
2023-05-19 13:07:13.9960||TRACE|Ocelot.Logging.OcelotDiagnosticListener|requestId: no request id, previousRequestId: no previous request id, message: MiddlewareFinished: Microsoft.AspNetCore.Builder.UseMiddlewareExtensions+<>c__DisplayClass5_1; 200 
2023-05-19 13:07:13.9960||TRACE|Ocelot.Logging.OcelotDiagnosticListener|requestId: no request id, previousRequestId: no previous request id, message: MiddlewareFinished: Microsoft.AspNetCore.Routing.EndpointRoutingMiddleware; 200 
2023-05-19 13:07:13.9960||TRACE|Ocelot.Logging.OcelotDiagnosticListener|requestId: no request id, previousRequestId: no previous request id, message: MiddlewareFinished: Microsoft.AspNetCore.Diagnostics.DeveloperExceptionPageMiddleware; 200 
2023-05-19 13:07:14.3410||TRACE|Ocelot.Logging.OcelotDiagnosticListener|requestId: no request id, previousRequestId: no previous request id, message: MiddlewareStarting: Microsoft.AspNetCore.Diagnostics.DeveloperExceptionPageMiddleware; /swagger/v1/swagger.json 
2023-05-19 13:07:14.3410||TRACE|Ocelot.Logging.OcelotDiagnosticListener|requestId: no request id, previousRequestId: no previous request id, message: MiddlewareStarting: Microsoft.AspNetCore.Routing.EndpointRoutingMiddleware; /swagger/v1/swagger.json 
2023-05-19 13:07:14.3410||TRACE|Ocelot.Logging.OcelotDiagnosticListener|requestId: no request id, previousRequestId: no previous request id, message: MiddlewareStarting: Microsoft.AspNetCore.Builder.UseMiddlewareExtensions+<>c__DisplayClass5_1; /swagger/v1/swagger.json 
2023-05-19 13:07:14.3643||TRACE|Ocelot.Logging.OcelotDiagnosticListener|requestId: no request id, previousRequestId: no previous request id, message: MiddlewareFinished: Microsoft.AspNetCore.Builder.UseMiddlewareExtensions+<>c__DisplayClass5_1; 200 
2023-05-19 13:07:14.3643||TRACE|Ocelot.Logging.OcelotDiagnosticListener|requestId: no request id, previousRequestId: no previous request id, message: MiddlewareFinished: Microsoft.AspNetCore.Routing.EndpointRoutingMiddleware; 200 
2023-05-19 13:07:14.3643||TRACE|Ocelot.Logging.OcelotDiagnosticListener|requestId: no request id, previousRequestId: no previous request id, message: MiddlewareFinished: Microsoft.AspNetCore.Diagnostics.DeveloperExceptionPageMiddleware; 200 
2023-05-19 13:10:11.0975||TRACE|Ocelot.Logging.OcelotDiagnosticListener|requestId: no request id, previousRequestId: no previous request id, message: MiddlewareStarting: Microsoft.AspNetCore.Diagnostics.DeveloperExceptionPageMiddleware; /swagger/index.html 
2023-05-19 13:10:11.2422||TRACE|Ocelot.Logging.OcelotDiagnosticListener|requestId: no request id, previousRequestId: no previous request id, message: MiddlewareStarting: Microsoft.AspNetCore.Routing.EndpointRoutingMiddleware; /swagger/index.html 
2023-05-19 13:10:11.3162||TRACE|Ocelot.Logging.OcelotDiagnosticListener|requestId: no request id, previousRequestId: no previous request id, message: MiddlewareStarting: Microsoft.AspNetCore.Builder.UseMiddlewareExtensions+<>c__DisplayClass5_1; /swagger/index.html 
2023-05-19 13:10:11.5635||TRACE|Ocelot.Logging.OcelotDiagnosticListener|requestId: no request id, previousRequestId: no previous request id, message: MiddlewareFinished: Microsoft.AspNetCore.Builder.UseMiddlewareExtensions+<>c__DisplayClass5_1; 200 
2023-05-19 13:10:11.5635||TRACE|Ocelot.Logging.OcelotDiagnosticListener|requestId: no request id, previousRequestId: no previous request id, message: MiddlewareFinished: Microsoft.AspNetCore.Routing.EndpointRoutingMiddleware; 200 
2023-05-19 13:10:11.5635||TRACE|Ocelot.Logging.OcelotDiagnosticListener|requestId: no request id, previousRequestId: no previous request id, message: MiddlewareFinished: Microsoft.AspNetCore.Diagnostics.DeveloperExceptionPageMiddleware; 200 
2023-05-19 13:10:12.0681||TRACE|Ocelot.Logging.OcelotDiagnosticListener|requestId: no request id, previousRequestId: no previous request id, message: MiddlewareStarting: Microsoft.AspNetCore.Diagnostics.DeveloperExceptionPageMiddleware; /swagger/v1/swagger.json 
2023-05-19 13:10:12.0681||TRACE|Ocelot.Logging.OcelotDiagnosticListener|requestId: no request id, previousRequestId: no previous request id, message: MiddlewareStarting: Microsoft.AspNetCore.Routing.EndpointRoutingMiddleware; /swagger/v1/swagger.json 
2023-05-19 13:10:12.0681||TRACE|Ocelot.Logging.OcelotDiagnosticListener|requestId: no request id, previousRequestId: no previous request id, message: MiddlewareStarting: Microsoft.AspNetCore.Builder.UseMiddlewareExtensions+<>c__DisplayClass5_1; /swagger/v1/swagger.json 
2023-05-19 13:10:12.4476||TRACE|Ocelot.Logging.OcelotDiagnosticListener|requestId: no request id, previousRequestId: no previous request id, message: MiddlewareFinished: Microsoft.AspNetCore.Builder.UseMiddlewareExtensions+<>c__DisplayClass5_1; 200 
2023-05-19 13:10:12.4476||TRACE|Ocelot.Logging.OcelotDiagnosticListener|requestId: no request id, previousRequestId: no previous request id, message: MiddlewareFinished: Microsoft.AspNetCore.Routing.EndpointRoutingMiddleware; 200 
2023-05-19 13:10:12.4489||TRACE|Ocelot.Logging.OcelotDiagnosticListener|requestId: no request id, previousRequestId: no previous request id, message: MiddlewareFinished: Microsoft.AspNetCore.Diagnostics.DeveloperExceptionPageMiddleware; 200 
2023-05-19 13:15:20.7625||TRACE|Ocelot.Logging.OcelotDiagnosticListener|requestId: no request id, previousRequestId: no previous request id, message: MiddlewareStarting: Microsoft.AspNetCore.Diagnostics.DeveloperExceptionPageMiddleware; /swagger/index.html 
2023-05-19 13:15:20.9187||TRACE|Ocelot.Logging.OcelotDiagnosticListener|requestId: no request id, previousRequestId: no previous request id, message: MiddlewareStarting: Microsoft.AspNetCore.Routing.EndpointRoutingMiddleware; /swagger/index.html 
2023-05-19 13:15:21.0042||TRACE|Ocelot.Logging.OcelotDiagnosticListener|requestId: no request id, previousRequestId: no previous request id, message: MiddlewareStarting: Microsoft.AspNetCore.Builder.UseMiddlewareExtensions+<>c__DisplayClass5_1; /swagger/index.html 
2023-05-19 13:15:21.3005||TRACE|Ocelot.Logging.OcelotDiagnosticListener|requestId: no request id, previousRequestId: no previous request id, message: MiddlewareFinished: Microsoft.AspNetCore.Builder.UseMiddlewareExtensions+<>c__DisplayClass5_1; 200 
2023-05-19 13:15:21.3005||TRACE|Ocelot.Logging.OcelotDiagnosticListener|requestId: no request id, previousRequestId: no previous request id, message: MiddlewareFinished: Microsoft.AspNetCore.Routing.EndpointRoutingMiddleware; 200 
2023-05-19 13:15:21.3005||TRACE|Ocelot.Logging.OcelotDiagnosticListener|requestId: no request id, previousRequestId: no previous request id, message: MiddlewareFinished: Microsoft.AspNetCore.Diagnostics.DeveloperExceptionPageMiddleware; 200 
2023-05-19 13:15:21.7322||TRACE|Ocelot.Logging.OcelotDiagnosticListener|requestId: no request id, previousRequestId: no previous request id, message: MiddlewareStarting: Microsoft.AspNetCore.Diagnostics.DeveloperExceptionPageMiddleware; /swagger/v1/swagger.json 
2023-05-19 13:15:21.7322||TRACE|Ocelot.Logging.OcelotDiagnosticListener|requestId: no request id, previousRequestId: no previous request id, message: MiddlewareStarting: Microsoft.AspNetCore.Routing.EndpointRoutingMiddleware; /swagger/v1/swagger.json 
2023-05-19 13:15:21.7369||TRACE|Ocelot.Logging.OcelotDiagnosticListener|requestId: no request id, previousRequestId: no previous request id, message: MiddlewareStarting: Microsoft.AspNetCore.Builder.UseMiddlewareExtensions+<>c__DisplayClass5_1; /swagger/v1/swagger.json 
2023-05-19 13:15:22.0709||TRACE|Ocelot.Logging.OcelotDiagnosticListener|requestId: no request id, previousRequestId: no previous request id, message: MiddlewareFinished: Microsoft.AspNetCore.Builder.UseMiddlewareExtensions+<>c__DisplayClass5_1; 200 
2023-05-19 13:15:22.0709||TRACE|Ocelot.Logging.OcelotDiagnosticListener|requestId: no request id, previousRequestId: no previous request id, message: MiddlewareFinished: Microsoft.AspNetCore.Routing.EndpointRoutingMiddleware; 200 
2023-05-19 13:15:22.0709||TRACE|Ocelot.Logging.OcelotDiagnosticListener|requestId: no request id, previousRequestId: no previous request id, message: MiddlewareFinished: Microsoft.AspNetCore.Diagnostics.DeveloperExceptionPageMiddleware; 200 
2023-05-19 13:21:47.1950||TRACE|Ocelot.Logging.OcelotDiagnosticListener|requestId: no request id, previousRequestId: no previous request id, message: MiddlewareStarting: Microsoft.AspNetCore.Diagnostics.DeveloperExceptionPageMiddleware; /swagger/index.html 
2023-05-19 13:21:47.3022||TRACE|Ocelot.Logging.OcelotDiagnosticListener|requestId: no request id, previousRequestId: no previous request id, message: MiddlewareStarting: Microsoft.AspNetCore.Routing.EndpointRoutingMiddleware; /swagger/index.html 
2023-05-19 13:21:47.3619||TRACE|Ocelot.Logging.OcelotDiagnosticListener|requestId: no request id, previousRequestId: no previous request id, message: MiddlewareStarting: Microsoft.AspNetCore.Builder.UseMiddlewareExtensions+<>c__DisplayClass5_1; /swagger/index.html 
2023-05-19 13:21:47.5723||TRACE|Ocelot.Logging.OcelotDiagnosticListener|requestId: no request id, previousRequestId: no previous request id, message: MiddlewareFinished: Microsoft.AspNetCore.Builder.UseMiddlewareExtensions+<>c__DisplayClass5_1; 200 
2023-05-19 13:21:47.5723||TRACE|Ocelot.Logging.OcelotDiagnosticListener|requestId: no request id, previousRequestId: no previous request id, message: MiddlewareFinished: Microsoft.AspNetCore.Routing.EndpointRoutingMiddleware; 200 
2023-05-19 13:21:47.5723||TRACE|Ocelot.Logging.OcelotDiagnosticListener|requestId: no request id, previousRequestId: no previous request id, message: MiddlewareFinished: Microsoft.AspNetCore.Diagnostics.DeveloperExceptionPageMiddleware; 200 
2023-05-19 13:21:47.9678||TRACE|Ocelot.Logging.OcelotDiagnosticListener|requestId: no request id, previousRequestId: no previous request id, message: MiddlewareStarting: Microsoft.AspNetCore.Diagnostics.DeveloperExceptionPageMiddleware; /swagger/v1/swagger.json 
2023-05-19 13:21:47.9678||TRACE|Ocelot.Logging.OcelotDiagnosticListener|requestId: no request id, previousRequestId: no previous request id, message: MiddlewareStarting: Microsoft.AspNetCore.Routing.EndpointRoutingMiddleware; /swagger/v1/swagger.json 
2023-05-19 13:21:47.9678||TRACE|Ocelot.Logging.OcelotDiagnosticListener|requestId: no request id, previousRequestId: no previous request id, message: MiddlewareStarting: Microsoft.AspNetCore.Builder.UseMiddlewareExtensions+<>c__DisplayClass5_1; /swagger/v1/swagger.json 
2023-05-19 13:21:48.3463||TRACE|Ocelot.Logging.OcelotDiagnosticListener|requestId: no request id, previousRequestId: no previous request id, message: MiddlewareFinished: Microsoft.AspNetCore.Builder.UseMiddlewareExtensions+<>c__DisplayClass5_1; 200 
2023-05-19 13:21:48.3463||TRACE|Ocelot.Logging.OcelotDiagnosticListener|requestId: no request id, previousRequestId: no previous request id, message: MiddlewareFinished: Microsoft.AspNetCore.Routing.EndpointRoutingMiddleware; 200 
2023-05-19 13:21:48.3463||TRACE|Ocelot.Logging.OcelotDiagnosticListener|requestId: no request id, previousRequestId: no previous request id, message: MiddlewareFinished: Microsoft.AspNetCore.Diagnostics.DeveloperExceptionPageMiddleware; 200 
2023-05-19 13:22:11.1407||TRACE|Ocelot.Logging.OcelotDiagnosticListener|requestId: no request id, previousRequestId: no previous request id, message: MiddlewareStarting: Microsoft.AspNetCore.Diagnostics.DeveloperExceptionPageMiddleware; /outputcache/aa 
2023-05-19 13:22:11.1407||TRACE|Ocelot.Logging.OcelotDiagnosticListener|requestId: no request id, previousRequestId: no previous request id, message: MiddlewareStarting: Microsoft.AspNetCore.Routing.EndpointRoutingMiddleware; /outputcache/aa 
2023-05-19 13:22:11.1407||TRACE|Ocelot.Logging.OcelotDiagnosticListener|requestId: no request id, previousRequestId: no previous request id, message: MiddlewareStarting: Microsoft.AspNetCore.Builder.UseMiddlewareExtensions+<>c__DisplayClass5_1; /outputcache/aa 
2023-05-19 13:22:11.1586||WARN|Microsoft.AspNetCore.HttpsPolicy.HttpsRedirectionMiddleware|Failed to determine the https port for redirect. 
2023-05-19 13:22:11.2268||TRACE|Ocelot.Logging.OcelotDiagnosticListener|requestId: no request id, previousRequestId: no previous request id, message: MiddlewareException: Microsoft.AspNetCore.Builder.UseMiddlewareExtensions+<>c__DisplayClass5_1; No authenticationScheme was specified, and there was no DefaultChallengeScheme found. The default schemes can be set using either AddAuthentication(string defaultScheme) or AddAuthentication(Action<AuthenticationOptions> configureOptions).; 
2023-05-19 13:22:11.2268||TRACE|Ocelot.Logging.OcelotDiagnosticListener|requestId: no request id, previousRequestId: no previous request id, message: MiddlewareException: Microsoft.AspNetCore.Routing.EndpointRoutingMiddleware; No authenticationScheme was specified, and there was no DefaultChallengeScheme found. The default schemes can be set using either AddAuthentication(string defaultScheme) or AddAuthentication(Action<AuthenticationOptions> configureOptions).; 
2023-05-19 13:22:11.2317||ERROR|Microsoft.AspNetCore.Diagnostics.DeveloperExceptionPageMiddleware|An unhandled exception has occurred while executing the request. System.InvalidOperationException: No authenticationScheme was specified, and there was no DefaultChallengeScheme found. The default schemes can be set using either AddAuthentication(string defaultScheme) or AddAuthentication(Action<AuthenticationOptions> configureOptions).
   at Microsoft.AspNetCore.Authentication.AuthenticationService.ChallengeAsync(HttpContext context, String scheme, AuthenticationProperties properties)
   at Microsoft.AspNetCore.Authorization.Policy.AuthorizationMiddlewareResultHandler.HandleAsync(RequestDelegate next, HttpContext context, AuthorizationPolicy policy, PolicyAuthorizationResult authorizeResult)
   at Microsoft.AspNetCore.Authorization.AuthorizationMiddleware.Invoke(HttpContext context)
   at Swashbuckle.AspNetCore.SwaggerUI.SwaggerUIMiddleware.Invoke(HttpContext httpContext)
   at Swashbuckle.AspNetCore.Swagger.SwaggerMiddleware.Invoke(HttpContext httpContext, ISwaggerProvider swaggerProvider)
   at Microsoft.AspNetCore.MiddlewareAnalysis.AnalysisMiddleware.Invoke(HttpContext httpContext)
   at Microsoft.AspNetCore.MiddlewareAnalysis.AnalysisMiddleware.Invoke(HttpContext httpContext)
   at Microsoft.AspNetCore.Diagnostics.DeveloperExceptionPageMiddleware.Invoke(HttpContext context)
2023-05-19 13:22:11.2993||TRACE|Ocelot.Logging.OcelotDiagnosticListener|requestId: no request id, previousRequestId: no previous request id, message: MiddlewareFinished: Microsoft.AspNetCore.Diagnostics.DeveloperExceptionPageMiddleware; 500 
2023-05-19 13:29:57.4745||TRACE|Ocelot.Logging.OcelotDiagnosticListener|requestId: no request id, previousRequestId: no previous request id, message: MiddlewareStarting: Microsoft.AspNetCore.Diagnostics.DeveloperExceptionPageMiddleware; /swagger/index.html 
2023-05-19 13:29:57.6296||TRACE|Ocelot.Logging.OcelotDiagnosticListener|requestId: no request id, previousRequestId: no previous request id, message: MiddlewareStarting: Microsoft.AspNetCore.Diagnostics.DeveloperExceptionPageMiddleware; /swagger/index.html 
2023-05-19 13:29:57.6296||TRACE|Ocelot.Logging.OcelotDiagnosticListener|requestId: no request id, previousRequestId: no previous request id, message: MiddlewareStarting: Microsoft.AspNetCore.Routing.EndpointRoutingMiddleware; /swagger/index.html 
2023-05-19 13:29:57.6296||TRACE|Ocelot.Logging.OcelotDiagnosticListener|requestId: no request id, previousRequestId: no previous request id, message: MiddlewareStarting: Microsoft.AspNetCore.Routing.EndpointRoutingMiddleware; /swagger/index.html 
2023-05-19 13:29:57.7153||TRACE|Ocelot.Logging.OcelotDiagnosticListener|requestId: no request id, previousRequestId: no previous request id, message: MiddlewareStarting: Microsoft.AspNetCore.Builder.UseMiddlewareExtensions+<>c__DisplayClass5_1; /swagger/index.html 
2023-05-19 13:29:57.7153||TRACE|Ocelot.Logging.OcelotDiagnosticListener|requestId: no request id, previousRequestId: no previous request id, message: MiddlewareStarting: Microsoft.AspNetCore.Builder.UseMiddlewareExtensions+<>c__DisplayClass5_1; /swagger/index.html 
2023-05-19 13:29:58.0120||TRACE|Ocelot.Logging.OcelotDiagnosticListener|requestId: no request id, previousRequestId: no previous request id, message: MiddlewareFinished: Microsoft.AspNetCore.Builder.UseMiddlewareExtensions+<>c__DisplayClass5_1; 200 
2023-05-19 13:29:58.0120||TRACE|Ocelot.Logging.OcelotDiagnosticListener|requestId: no request id, previousRequestId: no previous request id, message: MiddlewareFinished: Microsoft.AspNetCore.Builder.UseMiddlewareExtensions+<>c__DisplayClass5_1; 200 
2023-05-19 13:29:58.0120||TRACE|Ocelot.Logging.OcelotDiagnosticListener|requestId: no request id, previousRequestId: no previous request id, message: MiddlewareFinished: Microsoft.AspNetCore.Routing.EndpointRoutingMiddleware; 200 
2023-05-19 13:29:58.0120||TRACE|Ocelot.Logging.OcelotDiagnosticListener|requestId: no request id, previousRequestId: no previous request id, message: MiddlewareFinished: Microsoft.AspNetCore.Routing.EndpointRoutingMiddleware; 200 
2023-05-19 13:29:58.0120||TRACE|Ocelot.Logging.OcelotDiagnosticListener|requestId: no request id, previousRequestId: no previous request id, message: MiddlewareFinished: Microsoft.AspNetCore.Diagnostics.DeveloperExceptionPageMiddleware; 200 
2023-05-19 13:29:58.0120||TRACE|Ocelot.Logging.OcelotDiagnosticListener|requestId: no request id, previousRequestId: no previous request id, message: MiddlewareFinished: Microsoft.AspNetCore.Diagnostics.DeveloperExceptionPageMiddleware; 200 
2023-05-19 13:29:58.4006||TRACE|Ocelot.Logging.OcelotDiagnosticListener|requestId: no request id, previousRequestId: no previous request id, message: MiddlewareStarting: Microsoft.AspNetCore.Diagnostics.DeveloperExceptionPageMiddleware; /swagger/v1/swagger.json 
2023-05-19 13:29:58.4006||TRACE|Ocelot.Logging.OcelotDiagnosticListener|requestId: no request id, previousRequestId: no previous request id, message: MiddlewareStarting: Microsoft.AspNetCore.Diagnostics.DeveloperExceptionPageMiddleware; /swagger/v1/swagger.json 
2023-05-19 13:29:58.4006||TRACE|Ocelot.Logging.OcelotDiagnosticListener|requestId: no request id, previousRequestId: no previous request id, message: MiddlewareStarting: Microsoft.AspNetCore.Routing.EndpointRoutingMiddleware; /swagger/v1/swagger.json 
2023-05-19 13:29:58.4006||TRACE|Ocelot.Logging.OcelotDiagnosticListener|requestId: no request id, previousRequestId: no previous request id, message: MiddlewareStarting: Microsoft.AspNetCore.Routing.EndpointRoutingMiddleware; /swagger/v1/swagger.json 
2023-05-19 13:29:58.4006||TRACE|Ocelot.Logging.OcelotDiagnosticListener|requestId: no request id, previousRequestId: no previous request id, message: MiddlewareStarting: Microsoft.AspNetCore.Builder.UseMiddlewareExtensions+<>c__DisplayClass5_1; /swagger/v1/swagger.json 
2023-05-19 13:29:58.4006||TRACE|Ocelot.Logging.OcelotDiagnosticListener|requestId: no request id, previousRequestId: no previous request id, message: MiddlewareStarting: Microsoft.AspNetCore.Builder.UseMiddlewareExtensions+<>c__DisplayClass5_1; /swagger/v1/swagger.json 
2023-05-19 13:29:58.9098||TRACE|Ocelot.Logging.OcelotDiagnosticListener|requestId: no request id, previousRequestId: no previous request id, message: MiddlewareFinished: Microsoft.AspNetCore.Builder.UseMiddlewareExtensions+<>c__DisplayClass5_1; 200 
2023-05-19 13:29:58.9098||TRACE|Ocelot.Logging.OcelotDiagnosticListener|requestId: no request id, previousRequestId: no previous request id, message: MiddlewareFinished: Microsoft.AspNetCore.Builder.UseMiddlewareExtensions+<>c__DisplayClass5_1; 200 
2023-05-19 13:29:58.9098||TRACE|Ocelot.Logging.OcelotDiagnosticListener|requestId: no request id, previousRequestId: no previous request id, message: MiddlewareFinished: Microsoft.AspNetCore.Routing.EndpointRoutingMiddleware; 200 
2023-05-19 13:29:58.9098||TRACE|Ocelot.Logging.OcelotDiagnosticListener|requestId: no request id, previousRequestId: no previous request id, message: MiddlewareFinished: Microsoft.AspNetCore.Routing.EndpointRoutingMiddleware; 200 
2023-05-19 13:29:58.9098||TRACE|Ocelot.Logging.OcelotDiagnosticListener|requestId: no request id, previousRequestId: no previous request id, message: MiddlewareFinished: Microsoft.AspNetCore.Diagnostics.DeveloperExceptionPageMiddleware; 200 
2023-05-19 13:29:58.9098||TRACE|Ocelot.Logging.OcelotDiagnosticListener|requestId: no request id, previousRequestId: no previous request id, message: MiddlewareFinished: Microsoft.AspNetCore.Diagnostics.DeveloperExceptionPageMiddleware; 200 
