2023-04-06 12:44:34.4133||ERROR|Program|System.IO.IOException: Failed to bind to address http://[::]:5003: address already in use. System.IO.IOException: Failed to bind to address http://[::]:5003: address already in use.
 ---> Microsoft.AspNetCore.Connections.AddressInUseException: Only one usage of each socket address (protocol/network address/port) is normally permitted.
 ---> System.Net.Sockets.SocketException (10048): Only one usage of each socket address (protocol/network address/port) is normally permitted.
   at System.Net.Sockets.Socket.UpdateStatusAfterSocketErrorAndThrowException(SocketError error, String callerName)
   at System.Net.Sockets.Socket.DoBind(EndPoint endPointSnapshot, SocketAddress socketAddress)
   at System.Net.Sockets.Socket.Bind(EndPoint localEP)
   at Microsoft.AspNetCore.Server.Kestrel.Transport.Sockets.SocketTransportOptions.CreateDefaultBoundListenSocket(EndPoint endpoint)
   at Microsoft.AspNetCore.Server.Kestrel.Transport.Sockets.SocketConnectionListener.Bind()
   --- End of inner exception stack trace ---
   at Microsoft.AspNetCore.Server.Kestrel.Transport.Sockets.SocketConnectionListener.Bind()
   at Microsoft.AspNetCore.Server.Kestrel.Transport.Sockets.SocketTransportFactory.BindAsync(EndPoint endpoint, CancellationToken cancellationToken)
   at Microsoft.AspNetCore.Server.Kestrel.Core.Internal.Infrastructure.TransportManager.BindAsync(EndPoint endPoint, ConnectionDelegate connectionDelegate, EndpointConfig endpointConfig, CancellationToken cancellationToken)
   at Microsoft.AspNetCore.Server.Kestrel.Core.KestrelServerImpl.<>c__DisplayClass30_0`1.<<StartAsync>g__OnBind|0>d.MoveNext()
--- End of stack trace from previous location ---
   at Microsoft.AspNetCore.Server.Kestrel.Core.Internal.AddressBinder.BindEndpointAsync(ListenOptions endpoint, AddressBindContext context, CancellationToken cancellationToken)
   --- End of inner exception stack trace ---
   at Microsoft.AspNetCore.Server.Kestrel.Core.Internal.AddressBinder.BindEndpointAsync(ListenOptions endpoint, AddressBindContext context, CancellationToken cancellationToken)
   at Microsoft.AspNetCore.Server.Kestrel.Core.ListenOptions.BindAsync(AddressBindContext context, CancellationToken cancellationToken)
   at Microsoft.AspNetCore.Server.Kestrel.Core.AnyIPListenOptions.BindAsync(AddressBindContext context, CancellationToken cancellationToken)
   at Microsoft.AspNetCore.Server.Kestrel.Core.Internal.AddressBinder.AddressesStrategy.BindAsync(AddressBindContext context, CancellationToken cancellationToken)
   at Microsoft.AspNetCore.Server.Kestrel.Core.Internal.AddressBinder.BindAsync(IEnumerable`1 listenOptions, AddressBindContext context, CancellationToken cancellationToken)
   at Microsoft.AspNetCore.Server.Kestrel.Core.KestrelServerImpl.BindAsync(CancellationToken cancellationToken)
   at Microsoft.AspNetCore.Server.Kestrel.Core.KestrelServerImpl.StartAsync[TContext](IHttpApplication`1 application, CancellationToken cancellationToken)
   at Microsoft.AspNetCore.Hosting.GenericWebHostService.StartAsync(CancellationToken cancellationToken)
   at Microsoft.Extensions.Hosting.Internal.Host.StartAsync(CancellationToken cancellationToken)
   at Microsoft.Extensions.Hosting.HostingAbstractionsHostExtensions.RunAsync(IHost host, CancellationToken token)
   at Microsoft.Extensions.Hosting.HostingAbstractionsHostExtensions.RunAsync(IHost host, CancellationToken token)
   at Microsoft.Extensions.Hosting.HostingAbstractionsHostExtensions.Run(IHost host)
   at Microsoft.AspNetCore.Builder.WebApplication.Run(String url)
   at Program.<Main>$(String[] args) in C:\Users\lcadmin\RiderProjects\GatewayAPI\GatewayAPI\Program.cs:line 37
2023-04-06 12:45:48.5409||TRACE|Ocelot.Logging.OcelotDiagnosticListener|requestId: no request id, previousRequestId: no previous request id, message: MiddlewareStarting: Microsoft.AspNetCore.Diagnostics.DeveloperExceptionPageMiddleware; /api/Email/send 
2023-04-06 12:45:48.5997||TRACE|Ocelot.Logging.OcelotDiagnosticListener|requestId: no request id, previousRequestId: no previous request id, message: MiddlewareStarting: Microsoft.AspNetCore.Routing.EndpointRoutingMiddleware; /api/Email/send 
2023-04-06 12:45:48.6375||TRACE|Ocelot.Logging.OcelotDiagnosticListener|requestId: no request id, previousRequestId: no previous request id, message: MiddlewareStarting: LoanService.OcelotMiddleware; /api/Email/send 
2023-04-06 12:45:48.6661||DEBUG|Ocelot.Errors.Middleware.ExceptionHandlerMiddleware|requestId: 0HMPMFD8T4RF7:00000002, previousRequestId: no previous request id, message: ocelot pipeline started 
2023-04-06 12:45:48.6723||DEBUG|Ocelot.DownstreamRouteFinder.Middleware.DownstreamRouteFinderMiddleware|requestId: 0HMPMFD8T4RF7:00000002, previousRequestId: no previous request id, message: Upstream url path is /api/Email/send 
2023-04-06 12:45:48.6877||WARN|Ocelot.DownstreamRouteFinder.Middleware.DownstreamRouteFinderMiddleware|requestId: 0HMPMFD8T4RF7:00000002, previousRequestId: no previous request id, message: DownstreamRouteFinderMiddleware setting pipeline errors. IDownstreamRouteFinder returned Error Code: UnableToFindDownstreamRouteError Message: Failed to match Route configuration for upstream path: /api/Email/send, verb: POST. 
2023-04-06 12:45:48.6877||WARN|Ocelot.Responder.Middleware.ResponderMiddleware|requestId: 0HMPMFD8T4RF7:00000002, previousRequestId: no previous request id, message: Error Code: UnableToFindDownstreamRouteError Message: Failed to match Route configuration for upstream path: /api/Email/send, verb: POST. errors found in ResponderMiddleware. Setting error response for request path:/api/Email/send, request method: POST 
2023-04-06 12:45:48.6877||DEBUG|Ocelot.Errors.Middleware.ExceptionHandlerMiddleware|requestId: 0HMPMFD8T4RF7:00000002, previousRequestId: no previous request id, message: ocelot pipeline finished 
2023-04-06 12:45:48.6877||INFO|LoanService.OcelotMiddleware|Request: http localhost:5003/api/Email/send  {
    "to":"ofelia22@ethereal.email",
    "subject":"message",
    "body":"hellooo"
}
Request headers:
Accept:*/*
Connection:keep-alive
Host:localhost:5003
User-Agent:PostmanRuntime/7.31.3
Accept-Encoding:gzip, deflate, br
Content-Type:application/json
Content-Length:89
Postman-Token:cf20ff58-8527-480e-83dd-c527609ff515
Response: 404: 
Response headers: 
 
2023-04-06 12:45:48.6877||TRACE|Ocelot.Logging.OcelotDiagnosticListener|requestId: 0HMPMFD8T4RF7:00000002, previousRequestId: no previous request id, message: MiddlewareFinished: LoanService.OcelotMiddleware; 404 
2023-04-06 12:45:48.6877||TRACE|Ocelot.Logging.OcelotDiagnosticListener|requestId: 0HMPMFD8T4RF7:00000002, previousRequestId: no previous request id, message: MiddlewareFinished: Microsoft.AspNetCore.Routing.EndpointRoutingMiddleware; 404 
2023-04-06 12:45:48.6877||TRACE|Ocelot.Logging.OcelotDiagnosticListener|requestId: 0HMPMFD8T4RF7:00000002, previousRequestId: no previous request id, message: MiddlewareFinished: Microsoft.AspNetCore.Diagnostics.DeveloperExceptionPageMiddleware; 404 
2023-04-06 12:47:15.5142||TRACE|Ocelot.Logging.OcelotDiagnosticListener|requestId: no request id, previousRequestId: no previous request id, message: MiddlewareStarting: Microsoft.AspNetCore.Diagnostics.DeveloperExceptionPageMiddleware; /api/Email/send 
2023-04-06 12:47:15.5693||TRACE|Ocelot.Logging.OcelotDiagnosticListener|requestId: no request id, previousRequestId: no previous request id, message: MiddlewareStarting: Microsoft.AspNetCore.Routing.EndpointRoutingMiddleware; /api/Email/send 
2023-04-06 12:47:15.6018||TRACE|Ocelot.Logging.OcelotDiagnosticListener|requestId: no request id, previousRequestId: no previous request id, message: MiddlewareStarting: LoanService.OcelotMiddleware; /api/Email/send 
2023-04-06 12:47:15.6237||DEBUG|Ocelot.Errors.Middleware.ExceptionHandlerMiddleware|requestId: 0HMPMFE2QLTJ9:00000002, previousRequestId: no previous request id, message: ocelot pipeline started 
2023-04-06 12:47:15.6290||DEBUG|Ocelot.DownstreamRouteFinder.Middleware.DownstreamRouteFinderMiddleware|requestId: 0HMPMFE2QLTJ9:00000002, previousRequestId: no previous request id, message: Upstream url path is /api/Email/send 
2023-04-06 12:47:15.6423||WARN|Ocelot.DownstreamRouteFinder.Middleware.DownstreamRouteFinderMiddleware|requestId: 0HMPMFE2QLTJ9:00000002, previousRequestId: no previous request id, message: DownstreamRouteFinderMiddleware setting pipeline errors. IDownstreamRouteFinder returned Error Code: UnableToFindDownstreamRouteError Message: Failed to match Route configuration for upstream path: /api/Email/send, verb: POST. 
2023-04-06 12:47:15.6423||WARN|Ocelot.Responder.Middleware.ResponderMiddleware|requestId: 0HMPMFE2QLTJ9:00000002, previousRequestId: no previous request id, message: Error Code: UnableToFindDownstreamRouteError Message: Failed to match Route configuration for upstream path: /api/Email/send, verb: POST. errors found in ResponderMiddleware. Setting error response for request path:/api/Email/send, request method: POST 
2023-04-06 12:47:15.6423||DEBUG|Ocelot.Errors.Middleware.ExceptionHandlerMiddleware|requestId: 0HMPMFE2QLTJ9:00000002, previousRequestId: no previous request id, message: ocelot pipeline finished 
2023-04-06 12:47:15.6423||INFO|LoanService.OcelotMiddleware|Request: http localhost:5003/api/Email/send  {
    "to":"ofelia22@ethereal.email",
    "subject":"message",
    "body":"hellooo"
}
Request headers:
Accept:*/*
Connection:keep-alive
Host:localhost:5003
User-Agent:PostmanRuntime/7.31.3
Accept-Encoding:gzip, deflate, br
Content-Type:application/json
Content-Length:89
Postman-Token:fa2817e7-ab66-408d-bea4-75a4a69e9ca7
Response: 404: 
Response headers: 
 
2023-04-06 12:47:15.6423||TRACE|Ocelot.Logging.OcelotDiagnosticListener|requestId: 0HMPMFE2QLTJ9:00000002, previousRequestId: no previous request id, message: MiddlewareFinished: LoanService.OcelotMiddleware; 404 
2023-04-06 12:47:15.6423||TRACE|Ocelot.Logging.OcelotDiagnosticListener|requestId: 0HMPMFE2QLTJ9:00000002, previousRequestId: no previous request id, message: MiddlewareFinished: Microsoft.AspNetCore.Routing.EndpointRoutingMiddleware; 404 
2023-04-06 12:47:15.6423||TRACE|Ocelot.Logging.OcelotDiagnosticListener|requestId: 0HMPMFE2QLTJ9:00000002, previousRequestId: no previous request id, message: MiddlewareFinished: Microsoft.AspNetCore.Diagnostics.DeveloperExceptionPageMiddleware; 404 
2023-04-06 12:47:53.2738||TRACE|Ocelot.Logging.OcelotDiagnosticListener|requestId: no request id, previousRequestId: no previous request id, message: MiddlewareStarting: Microsoft.AspNetCore.Diagnostics.DeveloperExceptionPageMiddleware; /api/Email/send 
2023-04-06 12:47:53.2738||TRACE|Ocelot.Logging.OcelotDiagnosticListener|requestId: no request id, previousRequestId: no previous request id, message: MiddlewareStarting: Microsoft.AspNetCore.Routing.EndpointRoutingMiddleware; /api/Email/send 
2023-04-06 12:47:53.2738||TRACE|Ocelot.Logging.OcelotDiagnosticListener|requestId: no request id, previousRequestId: no previous request id, message: MiddlewareStarting: LoanService.OcelotMiddleware; /api/Email/send 
2023-04-06 12:47:53.2738||DEBUG|Ocelot.Errors.Middleware.ExceptionHandlerMiddleware|requestId: 0HMPMFE2QLTJ9:00000003, previousRequestId: no previous request id, message: ocelot pipeline started 
2023-04-06 12:47:53.2738||DEBUG|Ocelot.DownstreamRouteFinder.Middleware.DownstreamRouteFinderMiddleware|requestId: 0HMPMFE2QLTJ9:00000003, previousRequestId: no previous request id, message: Upstream url path is /api/Email/send 
2023-04-06 12:47:53.2738||WARN|Ocelot.DownstreamRouteFinder.Middleware.DownstreamRouteFinderMiddleware|requestId: 0HMPMFE2QLTJ9:00000003, previousRequestId: no previous request id, message: DownstreamRouteFinderMiddleware setting pipeline errors. IDownstreamRouteFinder returned Error Code: UnableToFindDownstreamRouteError Message: Failed to match Route configuration for upstream path: /api/Email/send, verb: POST. 
2023-04-06 12:47:53.2738||WARN|Ocelot.Responder.Middleware.ResponderMiddleware|requestId: 0HMPMFE2QLTJ9:00000003, previousRequestId: no previous request id, message: Error Code: UnableToFindDownstreamRouteError Message: Failed to match Route configuration for upstream path: /api/Email/send, verb: POST. errors found in ResponderMiddleware. Setting error response for request path:/api/Email/send, request method: POST 
2023-04-06 12:47:53.2738||DEBUG|Ocelot.Errors.Middleware.ExceptionHandlerMiddleware|requestId: 0HMPMFE2QLTJ9:00000003, previousRequestId: no previous request id, message: ocelot pipeline finished 
2023-04-06 12:47:53.2738||INFO|LoanService.OcelotMiddleware|Request: http localhost:5003/api/Email/send  {
    "to":"adrienne.beer86@ethereal.email",
    "subject":"message",
    "body":"hellooo"
}
Request headers:
Accept:*/*
Connection:keep-alive
Host:localhost:5003
User-Agent:PostmanRuntime/7.31.3
Accept-Encoding:gzip, deflate, br
Content-Type:application/json
Content-Length:96
Postman-Token:5046b788-fda8-4114-ac53-f6930eb94511
Response: 404: 
Response headers: 
 
2023-04-06 12:47:53.2738||TRACE|Ocelot.Logging.OcelotDiagnosticListener|requestId: 0HMPMFE2QLTJ9:00000003, previousRequestId: no previous request id, message: MiddlewareFinished: LoanService.OcelotMiddleware; 404 
2023-04-06 12:47:53.2738||TRACE|Ocelot.Logging.OcelotDiagnosticListener|requestId: 0HMPMFE2QLTJ9:00000003, previousRequestId: no previous request id, message: MiddlewareFinished: Microsoft.AspNetCore.Routing.EndpointRoutingMiddleware; 404 
2023-04-06 12:47:53.2738||TRACE|Ocelot.Logging.OcelotDiagnosticListener|requestId: 0HMPMFE2QLTJ9:00000003, previousRequestId: no previous request id, message: MiddlewareFinished: Microsoft.AspNetCore.Diagnostics.DeveloperExceptionPageMiddleware; 404 
2023-04-06 12:48:00.9920||TRACE|Ocelot.Logging.OcelotDiagnosticListener|requestId: no request id, previousRequestId: no previous request id, message: MiddlewareStarting: Microsoft.AspNetCore.Diagnostics.DeveloperExceptionPageMiddleware; /api/Email/send 
2023-04-06 12:48:00.9920||TRACE|Ocelot.Logging.OcelotDiagnosticListener|requestId: no request id, previousRequestId: no previous request id, message: MiddlewareStarting: Microsoft.AspNetCore.Routing.EndpointRoutingMiddleware; /api/Email/send 
2023-04-06 12:48:00.9920||TRACE|Ocelot.Logging.OcelotDiagnosticListener|requestId: no request id, previousRequestId: no previous request id, message: MiddlewareStarting: LoanService.OcelotMiddleware; /api/Email/send 
2023-04-06 12:48:00.9920||DEBUG|Ocelot.Errors.Middleware.ExceptionHandlerMiddleware|requestId: 0HMPMFE2QLTJ9:00000004, previousRequestId: no previous request id, message: ocelot pipeline started 
2023-04-06 12:48:00.9920||DEBUG|Ocelot.DownstreamRouteFinder.Middleware.DownstreamRouteFinderMiddleware|requestId: 0HMPMFE2QLTJ9:00000004, previousRequestId: no previous request id, message: Upstream url path is /api/Email/send 
2023-04-06 12:48:00.9920||WARN|Ocelot.DownstreamRouteFinder.Middleware.DownstreamRouteFinderMiddleware|requestId: 0HMPMFE2QLTJ9:00000004, previousRequestId: no previous request id, message: DownstreamRouteFinderMiddleware setting pipeline errors. IDownstreamRouteFinder returned Error Code: UnableToFindDownstreamRouteError Message: Failed to match Route configuration for upstream path: /api/Email/send, verb: POST. 
2023-04-06 12:48:00.9920||WARN|Ocelot.Responder.Middleware.ResponderMiddleware|requestId: 0HMPMFE2QLTJ9:00000004, previousRequestId: no previous request id, message: Error Code: UnableToFindDownstreamRouteError Message: Failed to match Route configuration for upstream path: /api/Email/send, verb: POST. errors found in ResponderMiddleware. Setting error response for request path:/api/Email/send, request method: POST 
2023-04-06 12:48:00.9920||DEBUG|Ocelot.Errors.Middleware.ExceptionHandlerMiddleware|requestId: 0HMPMFE2QLTJ9:00000004, previousRequestId: no previous request id, message: ocelot pipeline finished 
2023-04-06 12:48:00.9920||INFO|LoanService.OcelotMiddleware|Request: http localhost:5003/api/Email/send  {
    "to":"adrienne.beer86@ethereal.email",
    "body":"hellooo"
}
Request headers:
Accept:*/*
Connection:keep-alive
Host:localhost:5003
User-Agent:PostmanRuntime/7.31.3
Accept-Encoding:gzip, deflate, br
Content-Type:application/json
Content-Length:70
Postman-Token:b6a6c19d-c8e2-4621-b37b-0fa1e04351ff
Response: 404: 
Response headers: 
 
2023-04-06 12:48:00.9920||TRACE|Ocelot.Logging.OcelotDiagnosticListener|requestId: 0HMPMFE2QLTJ9:00000004, previousRequestId: no previous request id, message: MiddlewareFinished: LoanService.OcelotMiddleware; 404 
2023-04-06 12:48:00.9920||TRACE|Ocelot.Logging.OcelotDiagnosticListener|requestId: 0HMPMFE2QLTJ9:00000004, previousRequestId: no previous request id, message: MiddlewareFinished: Microsoft.AspNetCore.Routing.EndpointRoutingMiddleware; 404 
2023-04-06 12:48:00.9920||TRACE|Ocelot.Logging.OcelotDiagnosticListener|requestId: 0HMPMFE2QLTJ9:00000004, previousRequestId: no previous request id, message: MiddlewareFinished: Microsoft.AspNetCore.Diagnostics.DeveloperExceptionPageMiddleware; 404 
2023-04-06 12:48:44.1048||TRACE|Ocelot.Logging.OcelotDiagnosticListener|requestId: no request id, previousRequestId: no previous request id, message: MiddlewareStarting: Microsoft.AspNetCore.Diagnostics.DeveloperExceptionPageMiddleware; /api/Email/send 
2023-04-06 12:48:44.1683||TRACE|Ocelot.Logging.OcelotDiagnosticListener|requestId: no request id, previousRequestId: no previous request id, message: MiddlewareStarting: Microsoft.AspNetCore.Routing.EndpointRoutingMiddleware; /api/Email/send 
2023-04-06 12:48:44.2085||TRACE|Ocelot.Logging.OcelotDiagnosticListener|requestId: no request id, previousRequestId: no previous request id, message: MiddlewareStarting: LoanService.OcelotMiddleware; /api/Email/send 
2023-04-06 12:48:44.2338||DEBUG|Ocelot.Errors.Middleware.ExceptionHandlerMiddleware|requestId: 0HMPMFET7E034:00000002, previousRequestId: no previous request id, message: ocelot pipeline started 
2023-04-06 12:48:44.2398||DEBUG|Ocelot.DownstreamRouteFinder.Middleware.DownstreamRouteFinderMiddleware|requestId: 0HMPMFET7E034:00000002, previousRequestId: no previous request id, message: Upstream url path is /api/Email/send 
2023-04-06 12:48:44.2541||WARN|Ocelot.DownstreamRouteFinder.Middleware.DownstreamRouteFinderMiddleware|requestId: 0HMPMFET7E034:00000002, previousRequestId: no previous request id, message: DownstreamRouteFinderMiddleware setting pipeline errors. IDownstreamRouteFinder returned Error Code: UnableToFindDownstreamRouteError Message: Failed to match Route configuration for upstream path: /api/Email/send, verb: POST. 
2023-04-06 12:48:44.2541||WARN|Ocelot.Responder.Middleware.ResponderMiddleware|requestId: 0HMPMFET7E034:00000002, previousRequestId: no previous request id, message: Error Code: UnableToFindDownstreamRouteError Message: Failed to match Route configuration for upstream path: /api/Email/send, verb: POST. errors found in ResponderMiddleware. Setting error response for request path:/api/Email/send, request method: POST 
2023-04-06 12:48:44.2541||DEBUG|Ocelot.Errors.Middleware.ExceptionHandlerMiddleware|requestId: 0HMPMFET7E034:00000002, previousRequestId: no previous request id, message: ocelot pipeline finished 
2023-04-06 12:48:44.2541||INFO|LoanService.OcelotMiddleware|Request: http localhost:5003/api/Email/send  {
    "to":"adrienne.beer86@ethereal.email",
    "content":"hellooo"
}
Request headers:
Accept:*/*
Connection:keep-alive
Host:localhost:5003
User-Agent:PostmanRuntime/7.31.3
Accept-Encoding:gzip, deflate, br
Content-Type:application/json
Content-Length:73
Postman-Token:0e5b1252-4848-4565-9b51-e95440313a51
Response: 404: 
Response headers: 
 
2023-04-06 12:48:44.2659||TRACE|Ocelot.Logging.OcelotDiagnosticListener|requestId: 0HMPMFET7E034:00000002, previousRequestId: no previous request id, message: MiddlewareFinished: LoanService.OcelotMiddleware; 404 
2023-04-06 12:48:44.2659||TRACE|Ocelot.Logging.OcelotDiagnosticListener|requestId: 0HMPMFET7E034:00000002, previousRequestId: no previous request id, message: MiddlewareFinished: Microsoft.AspNetCore.Routing.EndpointRoutingMiddleware; 404 
2023-04-06 12:48:44.2659||TRACE|Ocelot.Logging.OcelotDiagnosticListener|requestId: 0HMPMFET7E034:00000002, previousRequestId: no previous request id, message: MiddlewareFinished: Microsoft.AspNetCore.Diagnostics.DeveloperExceptionPageMiddleware; 404 
2023-04-06 12:49:28.6013||TRACE|Ocelot.Logging.OcelotDiagnosticListener|requestId: no request id, previousRequestId: no previous request id, message: MiddlewareStarting: Microsoft.AspNetCore.Diagnostics.DeveloperExceptionPageMiddleware; /api/Email/send 
2023-04-06 12:49:28.6013||TRACE|Ocelot.Logging.OcelotDiagnosticListener|requestId: no request id, previousRequestId: no previous request id, message: MiddlewareStarting: Microsoft.AspNetCore.Routing.EndpointRoutingMiddleware; /api/Email/send 
2023-04-06 12:49:28.6013||TRACE|Ocelot.Logging.OcelotDiagnosticListener|requestId: no request id, previousRequestId: no previous request id, message: MiddlewareStarting: LoanService.OcelotMiddleware; /api/Email/send 
2023-04-06 12:49:28.6013||DEBUG|Ocelot.Errors.Middleware.ExceptionHandlerMiddleware|requestId: 0HMPMFET7E034:00000003, previousRequestId: no previous request id, message: ocelot pipeline started 
2023-04-06 12:49:28.6013||DEBUG|Ocelot.DownstreamRouteFinder.Middleware.DownstreamRouteFinderMiddleware|requestId: 0HMPMFET7E034:00000003, previousRequestId: no previous request id, message: Upstream url path is /api/Email/send 
2023-04-06 12:49:28.6013||WARN|Ocelot.DownstreamRouteFinder.Middleware.DownstreamRouteFinderMiddleware|requestId: 0HMPMFET7E034:00000003, previousRequestId: no previous request id, message: DownstreamRouteFinderMiddleware setting pipeline errors. IDownstreamRouteFinder returned Error Code: UnableToFindDownstreamRouteError Message: Failed to match Route configuration for upstream path: /api/Email/send, verb: POST. 
2023-04-06 12:49:28.6013||WARN|Ocelot.Responder.Middleware.ResponderMiddleware|requestId: 0HMPMFET7E034:00000003, previousRequestId: no previous request id, message: Error Code: UnableToFindDownstreamRouteError Message: Failed to match Route configuration for upstream path: /api/Email/send, verb: POST. errors found in ResponderMiddleware. Setting error response for request path:/api/Email/send, request method: POST 
2023-04-06 12:49:28.6013||DEBUG|Ocelot.Errors.Middleware.ExceptionHandlerMiddleware|requestId: 0HMPMFET7E034:00000003, previousRequestId: no previous request id, message: ocelot pipeline finished 
2023-04-06 12:49:28.6013||INFO|LoanService.OcelotMiddleware|Request: http localhost:5003/api/Email/send  {
  "to": "adrienne.beer86@ethereal.email",
  "content": "ssdada"
}
Request headers:
Accept:*/*
Connection:keep-alive
Host:localhost:5003
User-Agent:PostmanRuntime/7.31.3
Accept-Encoding:gzip, deflate, br
Content-Type:application/json
Content-Length:70
Postman-Token:5e15e2b6-6cee-4b85-a5cd-5ea272e1be24
Response: 404: 
Response headers: 
 
2023-04-06 12:49:28.6105||TRACE|Ocelot.Logging.OcelotDiagnosticListener|requestId: 0HMPMFET7E034:00000003, previousRequestId: no previous request id, message: MiddlewareFinished: LoanService.OcelotMiddleware; 404 
2023-04-06 12:49:28.6105||TRACE|Ocelot.Logging.OcelotDiagnosticListener|requestId: 0HMPMFET7E034:00000003, previousRequestId: no previous request id, message: MiddlewareFinished: Microsoft.AspNetCore.Routing.EndpointRoutingMiddleware; 404 
2023-04-06 12:49:28.6105||TRACE|Ocelot.Logging.OcelotDiagnosticListener|requestId: 0HMPMFET7E034:00000003, previousRequestId: no previous request id, message: MiddlewareFinished: Microsoft.AspNetCore.Diagnostics.DeveloperExceptionPageMiddleware; 404 
2023-04-06 12:51:25.2331||TRACE|Ocelot.Logging.OcelotDiagnosticListener|requestId: no request id, previousRequestId: no previous request id, message: MiddlewareStarting: Microsoft.AspNetCore.Diagnostics.DeveloperExceptionPageMiddleware; /api/Email/send 
2023-04-06 12:51:25.2331||TRACE|Ocelot.Logging.OcelotDiagnosticListener|requestId: no request id, previousRequestId: no previous request id, message: MiddlewareStarting: Microsoft.AspNetCore.Routing.EndpointRoutingMiddleware; /api/Email/send 
2023-04-06 12:51:25.2338||TRACE|Ocelot.Logging.OcelotDiagnosticListener|requestId: no request id, previousRequestId: no previous request id, message: MiddlewareStarting: LoanService.OcelotMiddleware; /api/Email/send 
2023-04-06 12:51:25.2338||DEBUG|Ocelot.Errors.Middleware.ExceptionHandlerMiddleware|requestId: 0HMPMFET7E034:00000004, previousRequestId: no previous request id, message: ocelot pipeline started 
2023-04-06 12:51:25.2338||DEBUG|Ocelot.DownstreamRouteFinder.Middleware.DownstreamRouteFinderMiddleware|requestId: 0HMPMFET7E034:00000004, previousRequestId: no previous request id, message: Upstream url path is /api/Email/send 
2023-04-06 12:51:25.2338||WARN|Ocelot.DownstreamRouteFinder.Middleware.DownstreamRouteFinderMiddleware|requestId: 0HMPMFET7E034:00000004, previousRequestId: no previous request id, message: DownstreamRouteFinderMiddleware setting pipeline errors. IDownstreamRouteFinder returned Error Code: UnableToFindDownstreamRouteError Message: Failed to match Route configuration for upstream path: /api/Email/send, verb: POST. 
2023-04-06 12:51:25.2338||WARN|Ocelot.Responder.Middleware.ResponderMiddleware|requestId: 0HMPMFET7E034:00000004, previousRequestId: no previous request id, message: Error Code: UnableToFindDownstreamRouteError Message: Failed to match Route configuration for upstream path: /api/Email/send, verb: POST. errors found in ResponderMiddleware. Setting error response for request path:/api/Email/send, request method: POST 
2023-04-06 12:51:25.2338||DEBUG|Ocelot.Errors.Middleware.ExceptionHandlerMiddleware|requestId: 0HMPMFET7E034:00000004, previousRequestId: no previous request id, message: ocelot pipeline finished 
2023-04-06 12:51:25.2338||INFO|LoanService.OcelotMiddleware|Request: http localhost:5003/api/Email/send  {
  "to": "adrienne.beer86@ethereal.email",
  "content": "ssdada"
}
Request headers:
Accept:*/*
Connection:keep-alive
Host:localhost:5003
User-Agent:PostmanRuntime/7.31.3
Accept-Encoding:gzip, deflate, br
Content-Type:application/json
Content-Length:70
Postman-Token:423dfc6f-c8cd-4ff5-bedb-63b7bac08062
Response: 404: 
Response headers: 
 
2023-04-06 12:51:25.2338||TRACE|Ocelot.Logging.OcelotDiagnosticListener|requestId: 0HMPMFET7E034:00000004, previousRequestId: no previous request id, message: MiddlewareFinished: LoanService.OcelotMiddleware; 404 
2023-04-06 12:51:25.2338||TRACE|Ocelot.Logging.OcelotDiagnosticListener|requestId: 0HMPMFET7E034:00000004, previousRequestId: no previous request id, message: MiddlewareFinished: Microsoft.AspNetCore.Routing.EndpointRoutingMiddleware; 404 
2023-04-06 12:51:25.2338||TRACE|Ocelot.Logging.OcelotDiagnosticListener|requestId: 0HMPMFET7E034:00000004, previousRequestId: no previous request id, message: MiddlewareFinished: Microsoft.AspNetCore.Diagnostics.DeveloperExceptionPageMiddleware; 404 
2023-04-06 12:51:35.7543||TRACE|Ocelot.Logging.OcelotDiagnosticListener|requestId: no request id, previousRequestId: no previous request id, message: MiddlewareStarting: Microsoft.AspNetCore.Diagnostics.DeveloperExceptionPageMiddleware; /api/Mail/send 
2023-04-06 12:51:35.7543||TRACE|Ocelot.Logging.OcelotDiagnosticListener|requestId: no request id, previousRequestId: no previous request id, message: MiddlewareStarting: Microsoft.AspNetCore.Routing.EndpointRoutingMiddleware; /api/Mail/send 
2023-04-06 12:51:35.7543||TRACE|Ocelot.Logging.OcelotDiagnosticListener|requestId: no request id, previousRequestId: no previous request id, message: MiddlewareStarting: LoanService.OcelotMiddleware; /api/Mail/send 
2023-04-06 12:51:35.7543||DEBUG|Ocelot.Errors.Middleware.ExceptionHandlerMiddleware|requestId: 0HMPMFET7E034:00000005, previousRequestId: no previous request id, message: ocelot pipeline started 
2023-04-06 12:51:35.7543||DEBUG|Ocelot.DownstreamRouteFinder.Middleware.DownstreamRouteFinderMiddleware|requestId: 0HMPMFET7E034:00000005, previousRequestId: no previous request id, message: Upstream url path is /api/Mail/send 
2023-04-06 12:51:35.7543||WARN|Ocelot.DownstreamRouteFinder.Middleware.DownstreamRouteFinderMiddleware|requestId: 0HMPMFET7E034:00000005, previousRequestId: no previous request id, message: DownstreamRouteFinderMiddleware setting pipeline errors. IDownstreamRouteFinder returned Error Code: UnableToFindDownstreamRouteError Message: Failed to match Route configuration for upstream path: /api/Mail/send, verb: POST. 
2023-04-06 12:51:35.7543||WARN|Ocelot.Responder.Middleware.ResponderMiddleware|requestId: 0HMPMFET7E034:00000005, previousRequestId: no previous request id, message: Error Code: UnableToFindDownstreamRouteError Message: Failed to match Route configuration for upstream path: /api/Mail/send, verb: POST. errors found in ResponderMiddleware. Setting error response for request path:/api/Mail/send, request method: POST 
2023-04-06 12:51:35.7543||DEBUG|Ocelot.Errors.Middleware.ExceptionHandlerMiddleware|requestId: 0HMPMFET7E034:00000005, previousRequestId: no previous request id, message: ocelot pipeline finished 
2023-04-06 12:51:35.7543||INFO|LoanService.OcelotMiddleware|Request: http localhost:5003/api/Mail/send  {
  "to": "adrienne.beer86@ethereal.email",
  "content": "ssdada"
}
Request headers:
Accept:*/*
Connection:keep-alive
Host:localhost:5003
User-Agent:PostmanRuntime/7.31.3
Accept-Encoding:gzip, deflate, br
Content-Type:application/json
Content-Length:70
Postman-Token:31f1f888-ff9b-4e8f-a3d1-67acbfaa2da3
Response: 404: 
Response headers: 
 
2023-04-06 12:51:35.7543||TRACE|Ocelot.Logging.OcelotDiagnosticListener|requestId: 0HMPMFET7E034:00000005, previousRequestId: no previous request id, message: MiddlewareFinished: LoanService.OcelotMiddleware; 404 
2023-04-06 12:51:35.7543||TRACE|Ocelot.Logging.OcelotDiagnosticListener|requestId: 0HMPMFET7E034:00000005, previousRequestId: no previous request id, message: MiddlewareFinished: Microsoft.AspNetCore.Routing.EndpointRoutingMiddleware; 404 
2023-04-06 12:51:35.7543||TRACE|Ocelot.Logging.OcelotDiagnosticListener|requestId: 0HMPMFET7E034:00000005, previousRequestId: no previous request id, message: MiddlewareFinished: Microsoft.AspNetCore.Diagnostics.DeveloperExceptionPageMiddleware; 404 
2023-04-06 12:53:48.5624||TRACE|Ocelot.Logging.OcelotDiagnosticListener|requestId: no request id, previousRequestId: no previous request id, message: MiddlewareStarting: Microsoft.AspNetCore.Diagnostics.DeveloperExceptionPageMiddleware; /Mail/send 
2023-04-06 12:53:48.6181||TRACE|Ocelot.Logging.OcelotDiagnosticListener|requestId: no request id, previousRequestId: no previous request id, message: MiddlewareStarting: Microsoft.AspNetCore.Routing.EndpointRoutingMiddleware; /Mail/send 
2023-04-06 12:53:48.6519||TRACE|Ocelot.Logging.OcelotDiagnosticListener|requestId: no request id, previousRequestId: no previous request id, message: MiddlewareStarting: LoanService.OcelotMiddleware; /Mail/send 
2023-04-06 12:53:48.6745||DEBUG|Ocelot.Errors.Middleware.ExceptionHandlerMiddleware|requestId: 0HMPMFHNV1QHF:00000002, previousRequestId: no previous request id, message: ocelot pipeline started 
2023-04-06 12:53:48.6745||DEBUG|Ocelot.DownstreamRouteFinder.Middleware.DownstreamRouteFinderMiddleware|requestId: 0HMPMFHNV1QHF:00000002, previousRequestId: no previous request id, message: Upstream url path is /Mail/send 
2023-04-06 12:53:48.6967||DEBUG|Ocelot.DownstreamRouteFinder.Middleware.DownstreamRouteFinderMiddleware|requestId: 0HMPMFHNV1QHF:00000002, previousRequestId: no previous request id, message: downstream templates are /api/Mail/send 
2023-04-06 12:53:48.7752||INFO|Ocelot.RateLimit.Middleware.ClientRateLimitMiddleware|requestId: 0HMPMFHNV1QHF:00000002, previousRequestId: no previous request id, message: EndpointRateLimiting is not enabled for /api/Mail/send 
2023-04-06 12:53:48.7831||INFO|Ocelot.Authentication.Middleware.AuthenticationMiddleware|requestId: 0HMPMFHNV1QHF:00000002, previousRequestId: no previous request id, message: No authentication needed for /Mail/send 
2023-04-06 12:53:48.7831||INFO|Ocelot.Authorization.Middleware.AuthorizationMiddleware|requestId: 0HMPMFHNV1QHF:00000002, previousRequestId: no previous request id, message: /api/Mail/send route does not require user to be authorized 
2023-04-06 12:53:48.8191||DEBUG|Ocelot.DownstreamUrlCreator.Middleware.DownstreamUrlCreatorMiddleware|requestId: 0HMPMFHNV1QHF:00000002, previousRequestId: no previous request id, message: Downstream url is https://localhost:44396/api/Mail/send 
2023-04-06 12:53:49.1062||DEBUG|Ocelot.Requester.Middleware.HttpRequesterMiddleware|requestId: 0HMPMFHNV1QHF:00000002, previousRequestId: no previous request id, message: IHttpRequester returned an error, setting pipeline error 
2023-04-06 12:53:49.1372||WARN|Ocelot.Responder.Middleware.ResponderMiddleware|requestId: 0HMPMFHNV1QHF:00000002, previousRequestId: no previous request id, message: Error Code: ConnectionToDownstreamServiceError Message: Error connecting to downstream service, exception: System.Net.Http.HttpRequestException: The SSL connection could not be established, see inner exception.
 ---> System.Security.Authentication.AuthenticationException: The remote certificate is invalid because of errors in the certificate chain: UntrustedRoot
   at System.Net.Security.SslStream.SendAuthResetSignal(ProtocolToken message, ExceptionDispatchInfo exception)
   at System.Net.Security.SslStream.CompleteHandshake(SslAuthenticationOptions sslAuthenticationOptions)
   at System.Net.Security.SslStream.ForceAuthenticationAsync[TIOAdapter](TIOAdapter adapter, Boolean receiveFirst, Byte[] reAuthenticationData, Boolean isApm)
   at System.Net.Http.ConnectHelper.EstablishSslConnectionAsync(SslClientAuthenticationOptions sslOptions, HttpRequestMessage request, Boolean async, Stream stream, CancellationToken cancellationToken)
   --- End of inner exception stack trace ---
   at System.Net.Http.ConnectHelper.EstablishSslConnectionAsync(SslClientAuthenticationOptions sslOptions, HttpRequestMessage request, Boolean async, Stream stream, CancellationToken cancellationToken)
   at System.Net.Http.HttpConnectionPool.ConnectAsync(HttpRequestMessage request, Boolean async, CancellationToken cancellationToken)
   at System.Net.Http.HttpConnectionPool.CreateHttp11ConnectionAsync(HttpRequestMessage request, Boolean async, CancellationToken cancellationToken)
   at System.Net.Http.HttpConnectionPool.AddHttp11ConnectionAsync(HttpRequestMessage request)
   at System.Threading.Tasks.TaskCompletionSourceWithCancellation`1.WaitWithCancellationAsync(CancellationToken cancellationToken)
   at System.Net.Http.HttpConnectionPool.GetHttp11ConnectionAsync(HttpRequestMessage request, Boolean async, CancellationToken cancellationToken)
   at System.Net.Http.HttpConnectionPool.SendWithVersionDetectionAndRetryAsync(HttpRequestMessage request, Boolean async, Boolean doRequestAuth, CancellationToken cancellationToken)
   at System.Net.Http.DiagnosticsHandler.SendAsyncCore(HttpRequestMessage request, Boolean async, CancellationToken cancellationToken)
   at System.Net.Http.HttpClient.<SendAsync>g__Core|83_0(HttpRequestMessage request, HttpCompletionOption completionOption, CancellationTokenSource cts, Boolean disposeCts, CancellationTokenSource pendingRequestsCts, CancellationToken originalCancellationToken)
   at Ocelot.Requester.HttpClientHttpRequester.GetResponse(HttpContext httpContext) errors found in ResponderMiddleware. Setting error response for request path:/Mail/send, request method: POST 
2023-04-06 12:53:49.1477||DEBUG|Ocelot.Errors.Middleware.ExceptionHandlerMiddleware|requestId: 0HMPMFHNV1QHF:00000002, previousRequestId: no previous request id, message: ocelot pipeline finished 
2023-04-06 12:53:49.1566||INFO|LoanService.OcelotMiddleware|Request: http localhost:5003/Mail/send  {
  "to": "adrienne.beer86@ethereal.email",
  "content": "ssdada"
}
Request headers:
Accept:*/*
Connection:keep-alive
Host:localhost:5003
User-Agent:PostmanRuntime/7.31.3
Accept-Encoding:gzip, deflate, br
Content-Type:application/json
Content-Length:70
Postman-Token:0db94390-f14c-416d-8bb9-52315e222ff0
Response: 502: 
Response headers: 
 
2023-04-06 12:53:49.1566||TRACE|Ocelot.Logging.OcelotDiagnosticListener|requestId: 0HMPMFHNV1QHF:00000002, previousRequestId: no previous request id, message: MiddlewareFinished: LoanService.OcelotMiddleware; 502 
2023-04-06 12:53:49.1566||TRACE|Ocelot.Logging.OcelotDiagnosticListener|requestId: 0HMPMFHNV1QHF:00000002, previousRequestId: no previous request id, message: MiddlewareFinished: Microsoft.AspNetCore.Routing.EndpointRoutingMiddleware; 502 
2023-04-06 12:53:49.1566||TRACE|Ocelot.Logging.OcelotDiagnosticListener|requestId: 0HMPMFHNV1QHF:00000002, previousRequestId: no previous request id, message: MiddlewareFinished: Microsoft.AspNetCore.Diagnostics.DeveloperExceptionPageMiddleware; 502 
2023-04-06 12:54:09.2585||TRACE|Ocelot.Logging.OcelotDiagnosticListener|requestId: no request id, previousRequestId: no previous request id, message: MiddlewareStarting: Microsoft.AspNetCore.Diagnostics.DeveloperExceptionPageMiddleware; /Mail/send 
2023-04-06 12:54:09.2585||TRACE|Ocelot.Logging.OcelotDiagnosticListener|requestId: no request id, previousRequestId: no previous request id, message: MiddlewareStarting: Microsoft.AspNetCore.Routing.EndpointRoutingMiddleware; /Mail/send 
2023-04-06 12:54:09.2585||TRACE|Ocelot.Logging.OcelotDiagnosticListener|requestId: no request id, previousRequestId: no previous request id, message: MiddlewareStarting: LoanService.OcelotMiddleware; /Mail/send 
2023-04-06 12:54:09.2585||DEBUG|Ocelot.Errors.Middleware.ExceptionHandlerMiddleware|requestId: 0HMPMFHNV1QHF:00000003, previousRequestId: no previous request id, message: ocelot pipeline started 
2023-04-06 12:54:09.2585||DEBUG|Ocelot.DownstreamRouteFinder.Middleware.DownstreamRouteFinderMiddleware|requestId: 0HMPMFHNV1QHF:00000003, previousRequestId: no previous request id, message: Upstream url path is /Mail/send 
2023-04-06 12:54:09.2585||DEBUG|Ocelot.DownstreamRouteFinder.Middleware.DownstreamRouteFinderMiddleware|requestId: 0HMPMFHNV1QHF:00000003, previousRequestId: no previous request id, message: downstream templates are /api/Mail/send 
2023-04-06 12:54:09.2585||INFO|Ocelot.RateLimit.Middleware.ClientRateLimitMiddleware|requestId: 0HMPMFHNV1QHF:00000003, previousRequestId: no previous request id, message: EndpointRateLimiting is not enabled for /api/Mail/send 
2023-04-06 12:54:09.2585||INFO|Ocelot.Authentication.Middleware.AuthenticationMiddleware|requestId: 0HMPMFHNV1QHF:00000003, previousRequestId: no previous request id, message: No authentication needed for /Mail/send 
2023-04-06 12:54:09.2585||INFO|Ocelot.Authorization.Middleware.AuthorizationMiddleware|requestId: 0HMPMFHNV1QHF:00000003, previousRequestId: no previous request id, message: /api/Mail/send route does not require user to be authorized 
2023-04-06 12:54:09.2585||DEBUG|Ocelot.DownstreamUrlCreator.Middleware.DownstreamUrlCreatorMiddleware|requestId: 0HMPMFHNV1QHF:00000003, previousRequestId: no previous request id, message: Downstream url is https://localhost:44396/api/Mail/send 
2023-04-06 12:54:09.2734||DEBUG|Ocelot.Requester.Middleware.HttpRequesterMiddleware|requestId: 0HMPMFHNV1QHF:00000003, previousRequestId: no previous request id, message: IHttpRequester returned an error, setting pipeline error 
2023-04-06 12:54:09.2734||WARN|Ocelot.Responder.Middleware.ResponderMiddleware|requestId: 0HMPMFHNV1QHF:00000003, previousRequestId: no previous request id, message: Error Code: ConnectionToDownstreamServiceError Message: Error connecting to downstream service, exception: System.Net.Http.HttpRequestException: The SSL connection could not be established, see inner exception.
 ---> System.Security.Authentication.AuthenticationException: The remote certificate is invalid because of errors in the certificate chain: UntrustedRoot
   at System.Net.Security.SslStream.SendAuthResetSignal(ProtocolToken message, ExceptionDispatchInfo exception)
   at System.Net.Security.SslStream.CompleteHandshake(SslAuthenticationOptions sslAuthenticationOptions)
   at System.Net.Security.SslStream.ForceAuthenticationAsync[TIOAdapter](TIOAdapter adapter, Boolean receiveFirst, Byte[] reAuthenticationData, Boolean isApm)
   at System.Net.Http.ConnectHelper.EstablishSslConnectionAsync(SslClientAuthenticationOptions sslOptions, HttpRequestMessage request, Boolean async, Stream stream, CancellationToken cancellationToken)
   --- End of inner exception stack trace ---
   at System.Net.Http.ConnectHelper.EstablishSslConnectionAsync(SslClientAuthenticationOptions sslOptions, HttpRequestMessage request, Boolean async, Stream stream, CancellationToken cancellationToken)
   at System.Net.Http.HttpConnectionPool.ConnectAsync(HttpRequestMessage request, Boolean async, CancellationToken cancellationToken)
   at System.Net.Http.HttpConnectionPool.CreateHttp11ConnectionAsync(HttpRequestMessage request, Boolean async, CancellationToken cancellationToken)
   at System.Net.Http.HttpConnectionPool.AddHttp11ConnectionAsync(HttpRequestMessage request)
   at System.Threading.Tasks.TaskCompletionSourceWithCancellation`1.WaitWithCancellationAsync(CancellationToken cancellationToken)
   at System.Net.Http.HttpConnectionPool.GetHttp11ConnectionAsync(HttpRequestMessage request, Boolean async, CancellationToken cancellationToken)
   at System.Net.Http.HttpConnectionPool.SendWithVersionDetectionAndRetryAsync(HttpRequestMessage request, Boolean async, Boolean doRequestAuth, CancellationToken cancellationToken)
   at System.Net.Http.DiagnosticsHandler.SendAsyncCore(HttpRequestMessage request, Boolean async, CancellationToken cancellationToken)
   at System.Net.Http.HttpClient.<SendAsync>g__Core|83_0(HttpRequestMessage request, HttpCompletionOption completionOption, CancellationTokenSource cts, Boolean disposeCts, CancellationTokenSource pendingRequestsCts, CancellationToken originalCancellationToken)
   at Ocelot.Requester.HttpClientHttpRequester.GetResponse(HttpContext httpContext) errors found in ResponderMiddleware. Setting error response for request path:/Mail/send, request method: POST 
2023-04-06 12:54:09.2734||DEBUG|Ocelot.Errors.Middleware.ExceptionHandlerMiddleware|requestId: 0HMPMFHNV1QHF:00000003, previousRequestId: no previous request id, message: ocelot pipeline finished 
2023-04-06 12:54:09.2734||INFO|LoanService.OcelotMiddleware|Request: http localhost:5003/Mail/send  {
  "to": "adrienne.beer86@ethereal.email",
  "content": "ssdada"
}
Request headers:
Accept:*/*
Connection:keep-alive
Host:localhost:5003
User-Agent:PostmanRuntime/7.31.3
Accept-Encoding:gzip, deflate, br
Content-Type:application/json
Content-Length:70
Postman-Token:23b6b414-c177-42d9-9ce9-52c8899aa60d
Response: 502: 
Response headers: 
 
2023-04-06 12:54:09.2734||TRACE|Ocelot.Logging.OcelotDiagnosticListener|requestId: 0HMPMFHNV1QHF:00000003, previousRequestId: no previous request id, message: MiddlewareFinished: LoanService.OcelotMiddleware; 502 
2023-04-06 12:54:09.2734||TRACE|Ocelot.Logging.OcelotDiagnosticListener|requestId: 0HMPMFHNV1QHF:00000003, previousRequestId: no previous request id, message: MiddlewareFinished: Microsoft.AspNetCore.Routing.EndpointRoutingMiddleware; 502 
2023-04-06 12:54:09.2734||TRACE|Ocelot.Logging.OcelotDiagnosticListener|requestId: 0HMPMFHNV1QHF:00000003, previousRequestId: no previous request id, message: MiddlewareFinished: Microsoft.AspNetCore.Diagnostics.DeveloperExceptionPageMiddleware; 502 
2023-04-06 12:54:10.4392||TRACE|Ocelot.Logging.OcelotDiagnosticListener|requestId: no request id, previousRequestId: no previous request id, message: MiddlewareStarting: Microsoft.AspNetCore.Diagnostics.DeveloperExceptionPageMiddleware; /Mail/send 
2023-04-06 12:54:10.4392||TRACE|Ocelot.Logging.OcelotDiagnosticListener|requestId: no request id, previousRequestId: no previous request id, message: MiddlewareStarting: Microsoft.AspNetCore.Routing.EndpointRoutingMiddleware; /Mail/send 
2023-04-06 12:54:10.4392||TRACE|Ocelot.Logging.OcelotDiagnosticListener|requestId: no request id, previousRequestId: no previous request id, message: MiddlewareStarting: LoanService.OcelotMiddleware; /Mail/send 
2023-04-06 12:54:10.4392||DEBUG|Ocelot.Errors.Middleware.ExceptionHandlerMiddleware|requestId: 0HMPMFHNV1QHF:00000004, previousRequestId: no previous request id, message: ocelot pipeline started 
2023-04-06 12:54:10.4392||DEBUG|Ocelot.DownstreamRouteFinder.Middleware.DownstreamRouteFinderMiddleware|requestId: 0HMPMFHNV1QHF:00000004, previousRequestId: no previous request id, message: Upstream url path is /Mail/send 
2023-04-06 12:54:10.4392||DEBUG|Ocelot.DownstreamRouteFinder.Middleware.DownstreamRouteFinderMiddleware|requestId: 0HMPMFHNV1QHF:00000004, previousRequestId: no previous request id, message: downstream templates are /api/Mail/send 
2023-04-06 12:54:10.4392||INFO|Ocelot.RateLimit.Middleware.ClientRateLimitMiddleware|requestId: 0HMPMFHNV1QHF:00000004, previousRequestId: no previous request id, message: EndpointRateLimiting is not enabled for /api/Mail/send 
2023-04-06 12:54:10.4392||INFO|Ocelot.Authentication.Middleware.AuthenticationMiddleware|requestId: 0HMPMFHNV1QHF:00000004, previousRequestId: no previous request id, message: No authentication needed for /Mail/send 
2023-04-06 12:54:10.4392||INFO|Ocelot.Authorization.Middleware.AuthorizationMiddleware|requestId: 0HMPMFHNV1QHF:00000004, previousRequestId: no previous request id, message: /api/Mail/send route does not require user to be authorized 
2023-04-06 12:54:10.4392||DEBUG|Ocelot.DownstreamUrlCreator.Middleware.DownstreamUrlCreatorMiddleware|requestId: 0HMPMFHNV1QHF:00000004, previousRequestId: no previous request id, message: Downstream url is https://localhost:44396/api/Mail/send 
2023-04-06 12:54:10.4551||DEBUG|Ocelot.Requester.Middleware.HttpRequesterMiddleware|requestId: 0HMPMFHNV1QHF:00000004, previousRequestId: no previous request id, message: IHttpRequester returned an error, setting pipeline error 
2023-04-06 12:54:10.4551||WARN|Ocelot.Responder.Middleware.ResponderMiddleware|requestId: 0HMPMFHNV1QHF:00000004, previousRequestId: no previous request id, message: Error Code: ConnectionToDownstreamServiceError Message: Error connecting to downstream service, exception: System.Net.Http.HttpRequestException: The SSL connection could not be established, see inner exception.
 ---> System.Security.Authentication.AuthenticationException: The remote certificate is invalid because of errors in the certificate chain: UntrustedRoot
   at System.Net.Security.SslStream.SendAuthResetSignal(ProtocolToken message, ExceptionDispatchInfo exception)
   at System.Net.Security.SslStream.CompleteHandshake(SslAuthenticationOptions sslAuthenticationOptions)
   at System.Net.Security.SslStream.ForceAuthenticationAsync[TIOAdapter](TIOAdapter adapter, Boolean receiveFirst, Byte[] reAuthenticationData, Boolean isApm)
   at System.Net.Http.ConnectHelper.EstablishSslConnectionAsync(SslClientAuthenticationOptions sslOptions, HttpRequestMessage request, Boolean async, Stream stream, CancellationToken cancellationToken)
   --- End of inner exception stack trace ---
   at System.Net.Http.ConnectHelper.EstablishSslConnectionAsync(SslClientAuthenticationOptions sslOptions, HttpRequestMessage request, Boolean async, Stream stream, CancellationToken cancellationToken)
   at System.Net.Http.HttpConnectionPool.ConnectAsync(HttpRequestMessage request, Boolean async, CancellationToken cancellationToken)
   at System.Net.Http.HttpConnectionPool.CreateHttp11ConnectionAsync(HttpRequestMessage request, Boolean async, CancellationToken cancellationToken)
   at System.Net.Http.HttpConnectionPool.AddHttp11ConnectionAsync(HttpRequestMessage request)
   at System.Threading.Tasks.TaskCompletionSourceWithCancellation`1.WaitWithCancellationAsync(CancellationToken cancellationToken)
   at System.Net.Http.HttpConnectionPool.GetHttp11ConnectionAsync(HttpRequestMessage request, Boolean async, CancellationToken cancellationToken)
   at System.Net.Http.HttpConnectionPool.SendWithVersionDetectionAndRetryAsync(HttpRequestMessage request, Boolean async, Boolean doRequestAuth, CancellationToken cancellationToken)
   at System.Net.Http.DiagnosticsHandler.SendAsyncCore(HttpRequestMessage request, Boolean async, CancellationToken cancellationToken)
   at System.Net.Http.HttpClient.<SendAsync>g__Core|83_0(HttpRequestMessage request, HttpCompletionOption completionOption, CancellationTokenSource cts, Boolean disposeCts, CancellationTokenSource pendingRequestsCts, CancellationToken originalCancellationToken)
   at Ocelot.Requester.HttpClientHttpRequester.GetResponse(HttpContext httpContext) errors found in ResponderMiddleware. Setting error response for request path:/Mail/send, request method: POST 
2023-04-06 12:54:10.4551||DEBUG|Ocelot.Errors.Middleware.ExceptionHandlerMiddleware|requestId: 0HMPMFHNV1QHF:00000004, previousRequestId: no previous request id, message: ocelot pipeline finished 
2023-04-06 12:54:10.4551||INFO|LoanService.OcelotMiddleware|Request: http localhost:5003/Mail/send  {
  "to": "adrienne.beer86@ethereal.email",
  "content": "ssdada"
}
Request headers:
Accept:*/*
Connection:keep-alive
Host:localhost:5003
User-Agent:PostmanRuntime/7.31.3
Accept-Encoding:gzip, deflate, br
Content-Type:application/json
Content-Length:70
Postman-Token:a6d930dc-6b96-4ef3-b173-030b48a54a66
Response: 502: 
Response headers: 
 
2023-04-06 12:54:10.4551||TRACE|Ocelot.Logging.OcelotDiagnosticListener|requestId: 0HMPMFHNV1QHF:00000004, previousRequestId: no previous request id, message: MiddlewareFinished: LoanService.OcelotMiddleware; 502 
2023-04-06 12:54:10.4551||TRACE|Ocelot.Logging.OcelotDiagnosticListener|requestId: 0HMPMFHNV1QHF:00000004, previousRequestId: no previous request id, message: MiddlewareFinished: Microsoft.AspNetCore.Routing.EndpointRoutingMiddleware; 502 
2023-04-06 12:54:10.4551||TRACE|Ocelot.Logging.OcelotDiagnosticListener|requestId: 0HMPMFHNV1QHF:00000004, previousRequestId: no previous request id, message: MiddlewareFinished: Microsoft.AspNetCore.Diagnostics.DeveloperExceptionPageMiddleware; 502 
2023-04-06 12:54:39.4197||TRACE|Ocelot.Logging.OcelotDiagnosticListener|requestId: no request id, previousRequestId: no previous request id, message: MiddlewareStarting: Microsoft.AspNetCore.Diagnostics.DeveloperExceptionPageMiddleware; /Mail/send/ 
2023-04-06 12:54:39.4197||TRACE|Ocelot.Logging.OcelotDiagnosticListener|requestId: no request id, previousRequestId: no previous request id, message: MiddlewareStarting: Microsoft.AspNetCore.Routing.EndpointRoutingMiddleware; /Mail/send/ 
2023-04-06 12:54:39.4197||TRACE|Ocelot.Logging.OcelotDiagnosticListener|requestId: no request id, previousRequestId: no previous request id, message: MiddlewareStarting: LoanService.OcelotMiddleware; /Mail/send/ 
2023-04-06 12:54:39.4197||DEBUG|Ocelot.Errors.Middleware.ExceptionHandlerMiddleware|requestId: 0HMPMFHNV1QHF:00000005, previousRequestId: no previous request id, message: ocelot pipeline started 
2023-04-06 12:54:39.4197||DEBUG|Ocelot.DownstreamRouteFinder.Middleware.DownstreamRouteFinderMiddleware|requestId: 0HMPMFHNV1QHF:00000005, previousRequestId: no previous request id, message: Upstream url path is /Mail/send/ 
2023-04-06 12:54:39.4197||WARN|Ocelot.DownstreamRouteFinder.Middleware.DownstreamRouteFinderMiddleware|requestId: 0HMPMFHNV1QHF:00000005, previousRequestId: no previous request id, message: DownstreamRouteFinderMiddleware setting pipeline errors. IDownstreamRouteFinder returned Error Code: UnableToFindDownstreamRouteError Message: Failed to match Route configuration for upstream path: /Mail/send/, verb: POST. 
2023-04-06 12:54:39.4222||WARN|Ocelot.Responder.Middleware.ResponderMiddleware|requestId: 0HMPMFHNV1QHF:00000005, previousRequestId: no previous request id, message: Error Code: UnableToFindDownstreamRouteError Message: Failed to match Route configuration for upstream path: /Mail/send/, verb: POST. errors found in ResponderMiddleware. Setting error response for request path:/Mail/send/, request method: POST 
2023-04-06 12:54:39.4222||DEBUG|Ocelot.Errors.Middleware.ExceptionHandlerMiddleware|requestId: 0HMPMFHNV1QHF:00000005, previousRequestId: no previous request id, message: ocelot pipeline finished 
2023-04-06 12:54:39.4222||INFO|LoanService.OcelotMiddleware|Request: http localhost:5003/Mail/send/  {
  "to": "adrienne.beer86@ethereal.email",
  "content": "ssdada"
}
Request headers:
Accept:*/*
Connection:keep-alive
Host:localhost:5003
User-Agent:PostmanRuntime/7.31.3
Accept-Encoding:gzip, deflate, br
Content-Type:application/json
Content-Length:70
Postman-Token:0c914d9f-f327-4e89-a1d5-b27453938d44
Response: 404: 
Response headers: 
 
2023-04-06 12:54:39.4222||TRACE|Ocelot.Logging.OcelotDiagnosticListener|requestId: 0HMPMFHNV1QHF:00000005, previousRequestId: no previous request id, message: MiddlewareFinished: LoanService.OcelotMiddleware; 404 
2023-04-06 12:54:39.4222||TRACE|Ocelot.Logging.OcelotDiagnosticListener|requestId: 0HMPMFHNV1QHF:00000005, previousRequestId: no previous request id, message: MiddlewareFinished: Microsoft.AspNetCore.Routing.EndpointRoutingMiddleware; 404 
2023-04-06 12:54:39.4222||TRACE|Ocelot.Logging.OcelotDiagnosticListener|requestId: 0HMPMFHNV1QHF:00000005, previousRequestId: no previous request id, message: MiddlewareFinished: Microsoft.AspNetCore.Diagnostics.DeveloperExceptionPageMiddleware; 404 
2023-04-06 12:54:41.0605||TRACE|Ocelot.Logging.OcelotDiagnosticListener|requestId: no request id, previousRequestId: no previous request id, message: MiddlewareStarting: Microsoft.AspNetCore.Diagnostics.DeveloperExceptionPageMiddleware; /Mail/send 
2023-04-06 12:54:41.0605||TRACE|Ocelot.Logging.OcelotDiagnosticListener|requestId: no request id, previousRequestId: no previous request id, message: MiddlewareStarting: Microsoft.AspNetCore.Routing.EndpointRoutingMiddleware; /Mail/send 
2023-04-06 12:54:41.0605||TRACE|Ocelot.Logging.OcelotDiagnosticListener|requestId: no request id, previousRequestId: no previous request id, message: MiddlewareStarting: LoanService.OcelotMiddleware; /Mail/send 
2023-04-06 12:54:41.0605||DEBUG|Ocelot.Errors.Middleware.ExceptionHandlerMiddleware|requestId: 0HMPMFHNV1QHF:00000006, previousRequestId: no previous request id, message: ocelot pipeline started 
2023-04-06 12:54:41.0623||DEBUG|Ocelot.DownstreamRouteFinder.Middleware.DownstreamRouteFinderMiddleware|requestId: 0HMPMFHNV1QHF:00000006, previousRequestId: no previous request id, message: Upstream url path is /Mail/send 
2023-04-06 12:54:41.0623||DEBUG|Ocelot.DownstreamRouteFinder.Middleware.DownstreamRouteFinderMiddleware|requestId: 0HMPMFHNV1QHF:00000006, previousRequestId: no previous request id, message: downstream templates are /api/Mail/send 
2023-04-06 12:54:41.0623||INFO|Ocelot.RateLimit.Middleware.ClientRateLimitMiddleware|requestId: 0HMPMFHNV1QHF:00000006, previousRequestId: no previous request id, message: EndpointRateLimiting is not enabled for /api/Mail/send 
2023-04-06 12:54:41.0623||INFO|Ocelot.Authentication.Middleware.AuthenticationMiddleware|requestId: 0HMPMFHNV1QHF:00000006, previousRequestId: no previous request id, message: No authentication needed for /Mail/send 
2023-04-06 12:54:41.0623||INFO|Ocelot.Authorization.Middleware.AuthorizationMiddleware|requestId: 0HMPMFHNV1QHF:00000006, previousRequestId: no previous request id, message: /api/Mail/send route does not require user to be authorized 
2023-04-06 12:54:41.0623||DEBUG|Ocelot.DownstreamUrlCreator.Middleware.DownstreamUrlCreatorMiddleware|requestId: 0HMPMFHNV1QHF:00000006, previousRequestId: no previous request id, message: Downstream url is https://localhost:44396/api/Mail/send 
2023-04-06 12:54:41.0623||DEBUG|Ocelot.Requester.Middleware.HttpRequesterMiddleware|requestId: 0HMPMFHNV1QHF:00000006, previousRequestId: no previous request id, message: IHttpRequester returned an error, setting pipeline error 
2023-04-06 12:54:41.0623||WARN|Ocelot.Responder.Middleware.ResponderMiddleware|requestId: 0HMPMFHNV1QHF:00000006, previousRequestId: no previous request id, message: Error Code: ConnectionToDownstreamServiceError Message: Error connecting to downstream service, exception: System.Net.Http.HttpRequestException: The SSL connection could not be established, see inner exception.
 ---> System.Security.Authentication.AuthenticationException: The remote certificate is invalid because of errors in the certificate chain: UntrustedRoot
   at System.Net.Security.SslStream.SendAuthResetSignal(ProtocolToken message, ExceptionDispatchInfo exception)
   at System.Net.Security.SslStream.CompleteHandshake(SslAuthenticationOptions sslAuthenticationOptions)
   at System.Net.Security.SslStream.ForceAuthenticationAsync[TIOAdapter](TIOAdapter adapter, Boolean receiveFirst, Byte[] reAuthenticationData, Boolean isApm)
   at System.Net.Http.ConnectHelper.EstablishSslConnectionAsync(SslClientAuthenticationOptions sslOptions, HttpRequestMessage request, Boolean async, Stream stream, CancellationToken cancellationToken)
   --- End of inner exception stack trace ---
   at System.Net.Http.ConnectHelper.EstablishSslConnectionAsync(SslClientAuthenticationOptions sslOptions, HttpRequestMessage request, Boolean async, Stream stream, CancellationToken cancellationToken)
   at System.Net.Http.HttpConnectionPool.ConnectAsync(HttpRequestMessage request, Boolean async, CancellationToken cancellationToken)
   at System.Net.Http.HttpConnectionPool.CreateHttp11ConnectionAsync(HttpRequestMessage request, Boolean async, CancellationToken cancellationToken)
   at System.Net.Http.HttpConnectionPool.AddHttp11ConnectionAsync(HttpRequestMessage request)
   at System.Threading.Tasks.TaskCompletionSourceWithCancellation`1.WaitWithCancellationAsync(CancellationToken cancellationToken)
   at System.Net.Http.HttpConnectionPool.GetHttp11ConnectionAsync(HttpRequestMessage request, Boolean async, CancellationToken cancellationToken)
   at System.Net.Http.HttpConnectionPool.SendWithVersionDetectionAndRetryAsync(HttpRequestMessage request, Boolean async, Boolean doRequestAuth, CancellationToken cancellationToken)
   at System.Net.Http.DiagnosticsHandler.SendAsyncCore(HttpRequestMessage request, Boolean async, CancellationToken cancellationToken)
   at System.Net.Http.HttpClient.<SendAsync>g__Core|83_0(HttpRequestMessage request, HttpCompletionOption completionOption, CancellationTokenSource cts, Boolean disposeCts, CancellationTokenSource pendingRequestsCts, CancellationToken originalCancellationToken)
   at Ocelot.Requester.HttpClientHttpRequester.GetResponse(HttpContext httpContext) errors found in ResponderMiddleware. Setting error response for request path:/Mail/send, request method: POST 
2023-04-06 12:54:41.0623||DEBUG|Ocelot.Errors.Middleware.ExceptionHandlerMiddleware|requestId: 0HMPMFHNV1QHF:00000006, previousRequestId: no previous request id, message: ocelot pipeline finished 
2023-04-06 12:54:41.0623||INFO|LoanService.OcelotMiddleware|Request: http localhost:5003/Mail/send  {
  "to": "adrienne.beer86@ethereal.email",
  "content": "ssdada"
}
Request headers:
Accept:*/*
Connection:keep-alive
Host:localhost:5003
User-Agent:PostmanRuntime/7.31.3
Accept-Encoding:gzip, deflate, br
Content-Type:application/json
Content-Length:70
Postman-Token:2dbe0aa7-20ac-45ab-a18a-a0c608fba12d
Response: 502: 
Response headers: 
 
2023-04-06 12:54:41.0623||TRACE|Ocelot.Logging.OcelotDiagnosticListener|requestId: 0HMPMFHNV1QHF:00000006, previousRequestId: no previous request id, message: MiddlewareFinished: LoanService.OcelotMiddleware; 502 
2023-04-06 12:54:41.0785||TRACE|Ocelot.Logging.OcelotDiagnosticListener|requestId: 0HMPMFHNV1QHF:00000006, previousRequestId: no previous request id, message: MiddlewareFinished: Microsoft.AspNetCore.Routing.EndpointRoutingMiddleware; 502 
2023-04-06 12:54:41.0785||TRACE|Ocelot.Logging.OcelotDiagnosticListener|requestId: 0HMPMFHNV1QHF:00000006, previousRequestId: no previous request id, message: MiddlewareFinished: Microsoft.AspNetCore.Diagnostics.DeveloperExceptionPageMiddleware; 502 
2023-04-06 12:56:48.3581||TRACE|Ocelot.Logging.OcelotDiagnosticListener|requestId: no request id, previousRequestId: no previous request id, message: MiddlewareStarting: Microsoft.AspNetCore.Diagnostics.DeveloperExceptionPageMiddleware; /Mail/send 
2023-04-06 12:56:48.4135||TRACE|Ocelot.Logging.OcelotDiagnosticListener|requestId: no request id, previousRequestId: no previous request id, message: MiddlewareStarting: Microsoft.AspNetCore.Routing.EndpointRoutingMiddleware; /Mail/send 
2023-04-06 12:56:48.4468||TRACE|Ocelot.Logging.OcelotDiagnosticListener|requestId: no request id, previousRequestId: no previous request id, message: MiddlewareStarting: LoanService.OcelotMiddleware; /Mail/send 
2023-04-06 12:56:48.4679||DEBUG|Ocelot.Errors.Middleware.ExceptionHandlerMiddleware|requestId: 0HMPMFJDHP939:00000002, previousRequestId: no previous request id, message: ocelot pipeline started 
2023-04-06 12:56:48.4732||DEBUG|Ocelot.DownstreamRouteFinder.Middleware.DownstreamRouteFinderMiddleware|requestId: 0HMPMFJDHP939:00000002, previousRequestId: no previous request id, message: Upstream url path is /Mail/send 
2023-04-06 12:56:48.4892||DEBUG|Ocelot.DownstreamRouteFinder.Middleware.DownstreamRouteFinderMiddleware|requestId: 0HMPMFJDHP939:00000002, previousRequestId: no previous request id, message: downstream templates are /api/Mail/send 
2023-04-06 12:56:48.5429||INFO|Ocelot.RateLimit.Middleware.ClientRateLimitMiddleware|requestId: 0HMPMFJDHP939:00000002, previousRequestId: no previous request id, message: EndpointRateLimiting is not enabled for /api/Mail/send 
2023-04-06 12:56:48.5499||INFO|Ocelot.Authentication.Middleware.AuthenticationMiddleware|requestId: 0HMPMFJDHP939:00000002, previousRequestId: no previous request id, message: No authentication needed for /Mail/send 
2023-04-06 12:56:48.5499||INFO|Ocelot.Authorization.Middleware.AuthorizationMiddleware|requestId: 0HMPMFJDHP939:00000002, previousRequestId: no previous request id, message: /api/Mail/send route does not require user to be authorized 
2023-04-06 12:56:48.5812||DEBUG|Ocelot.DownstreamUrlCreator.Middleware.DownstreamUrlCreatorMiddleware|requestId: 0HMPMFJDHP939:00000002, previousRequestId: no previous request id, message: Downstream url is https://localhost:44396/api/Mail/send 
2023-04-06 12:56:48.5812||WARN|Ocelot.Requester.HttpClientHttpRequester|requestId: 0HMPMFJDHP939:00000002, previousRequestId: no previous request id, message: You have ignored all SSL warnings by using DangerousAcceptAnyServerCertificateValidator for this DownstreamRoute, UpstreamPathTemplate: Ocelot.Values.UpstreamPathTemplate, DownstreamPathTemplate: Ocelot.Values.DownstreamPathTemplate 
2023-04-06 12:56:58.7354||INFO|Ocelot.Requester.Middleware.HttpRequesterMiddleware|requestId: 0HMPMFJDHP939:00000002, previousRequestId: no previous request id, message: 200 (OK) status code, request uri: https://localhost:44396/api/Mail/send 
2023-04-06 12:56:58.7354||DEBUG|Ocelot.Requester.Middleware.HttpRequesterMiddleware|requestId: 0HMPMFJDHP939:00000002, previousRequestId: no previous request id, message: setting http response message 
2023-04-06 12:56:58.7354||TRACE|Ocelot.Logging.OcelotDiagnosticListener|requestId: 0HMPMFJDHP939:00000002, previousRequestId: no previous request id, message: MiddlewareStarting: Microsoft.AspNetCore.Routing.EndpointMiddleware; /Mail/send 
2023-04-06 12:56:58.7354||TRACE|Ocelot.Logging.OcelotDiagnosticListener|requestId: 0HMPMFJDHP939:00000002, previousRequestId: no previous request id, message: MiddlewareStarting: EndOfPipeline; /Mail/send 
2023-04-06 12:56:58.7354||TRACE|Ocelot.Logging.OcelotDiagnosticListener|requestId: 0HMPMFJDHP939:00000002, previousRequestId: no previous request id, message: MiddlewareFinished: EndOfPipeline; 404 
2023-04-06 12:56:58.7354||TRACE|Ocelot.Logging.OcelotDiagnosticListener|requestId: 0HMPMFJDHP939:00000002, previousRequestId: no previous request id, message: MiddlewareFinished: Microsoft.AspNetCore.Routing.EndpointMiddleware; 404 
2023-04-06 12:56:58.7771||DEBUG|Ocelot.Responder.Middleware.ResponderMiddleware|requestId: 0HMPMFJDHP939:00000002, previousRequestId: no previous request id, message: no pipeline errors, setting and returning completed response 
2023-04-06 12:56:58.7865||DEBUG|Ocelot.Errors.Middleware.ExceptionHandlerMiddleware|requestId: 0HMPMFJDHP939:00000002, previousRequestId: no previous request id, message: ocelot pipeline finished 
2023-04-06 12:56:58.7865||INFO|LoanService.OcelotMiddleware|Request: http localhost:5003/Mail/send  {
  "to": "adrienne.beer86@ethereal.email",
  "content": "ssdada"
}
Request headers:
Accept:*/*
Connection:keep-alive
Host:localhost:5003
User-Agent:PostmanRuntime/7.31.3
Accept-Encoding:gzip, deflate, br
Content-Type:application/json
Content-Length:70
Postman-Token:81f8bee1-7132-4658-898c-a364aa8f6c11
Response: 200: 
Response headers: 
Date:Thu, 06 Apr 2023 08:56:58 GMT
Server:Microsoft-IIS/10.0
Content-Length:0
X-Powered-By:ASP.NET
 
2023-04-06 12:56:58.7865||TRACE|Ocelot.Logging.OcelotDiagnosticListener|requestId: 0HMPMFJDHP939:00000002, previousRequestId: no previous request id, message: MiddlewareFinished: LoanService.OcelotMiddleware; 200 
2023-04-06 12:56:58.7865||TRACE|Ocelot.Logging.OcelotDiagnosticListener|requestId: 0HMPMFJDHP939:00000002, previousRequestId: no previous request id, message: MiddlewareFinished: Microsoft.AspNetCore.Routing.EndpointRoutingMiddleware; 200 
2023-04-06 12:56:58.7865||TRACE|Ocelot.Logging.OcelotDiagnosticListener|requestId: 0HMPMFJDHP939:00000002, previousRequestId: no previous request id, message: MiddlewareFinished: Microsoft.AspNetCore.Diagnostics.DeveloperExceptionPageMiddleware; 200 
2023-04-06 12:57:15.0261||TRACE|Ocelot.Logging.OcelotDiagnosticListener|requestId: no request id, previousRequestId: no previous request id, message: MiddlewareStarting: Microsoft.AspNetCore.Diagnostics.DeveloperExceptionPageMiddleware; /Mail/send 
2023-04-06 12:57:15.0261||TRACE|Ocelot.Logging.OcelotDiagnosticListener|requestId: no request id, previousRequestId: no previous request id, message: MiddlewareStarting: Microsoft.AspNetCore.Routing.EndpointRoutingMiddleware; /Mail/send 
2023-04-06 12:57:15.0261||TRACE|Ocelot.Logging.OcelotDiagnosticListener|requestId: no request id, previousRequestId: no previous request id, message: MiddlewareStarting: LoanService.OcelotMiddleware; /Mail/send 
2023-04-06 12:57:15.0261||DEBUG|Ocelot.Errors.Middleware.ExceptionHandlerMiddleware|requestId: 0HMPMFJDHP939:00000003, previousRequestId: no previous request id, message: ocelot pipeline started 
2023-04-06 12:57:15.0261||DEBUG|Ocelot.DownstreamRouteFinder.Middleware.DownstreamRouteFinderMiddleware|requestId: 0HMPMFJDHP939:00000003, previousRequestId: no previous request id, message: Upstream url path is /Mail/send 
2023-04-06 12:57:15.0261||DEBUG|Ocelot.DownstreamRouteFinder.Middleware.DownstreamRouteFinderMiddleware|requestId: 0HMPMFJDHP939:00000003, previousRequestId: no previous request id, message: downstream templates are /api/Mail/send 
2023-04-06 12:57:15.0261||INFO|Ocelot.RateLimit.Middleware.ClientRateLimitMiddleware|requestId: 0HMPMFJDHP939:00000003, previousRequestId: no previous request id, message: EndpointRateLimiting is not enabled for /api/Mail/send 
2023-04-06 12:57:15.0261||INFO|Ocelot.Authentication.Middleware.AuthenticationMiddleware|requestId: 0HMPMFJDHP939:00000003, previousRequestId: no previous request id, message: No authentication needed for /Mail/send 
2023-04-06 12:57:15.0261||INFO|Ocelot.Authorization.Middleware.AuthorizationMiddleware|requestId: 0HMPMFJDHP939:00000003, previousRequestId: no previous request id, message: /api/Mail/send route does not require user to be authorized 
2023-04-06 12:57:15.0261||DEBUG|Ocelot.DownstreamUrlCreator.Middleware.DownstreamUrlCreatorMiddleware|requestId: 0HMPMFJDHP939:00000003, previousRequestId: no previous request id, message: Downstream url is https://localhost:44396/api/Mail/send 
2023-04-06 12:57:16.9591||INFO|Ocelot.Requester.Middleware.HttpRequesterMiddleware|requestId: 0HMPMFJDHP939:00000003, previousRequestId: no previous request id, message: 200 (OK) status code, request uri: https://localhost:44396/api/Mail/send 
2023-04-06 12:57:16.9591||DEBUG|Ocelot.Requester.Middleware.HttpRequesterMiddleware|requestId: 0HMPMFJDHP939:00000003, previousRequestId: no previous request id, message: setting http response message 
2023-04-06 12:57:16.9591||TRACE|Ocelot.Logging.OcelotDiagnosticListener|requestId: 0HMPMFJDHP939:00000003, previousRequestId: no previous request id, message: MiddlewareStarting: Microsoft.AspNetCore.Routing.EndpointMiddleware; /Mail/send 
2023-04-06 12:57:16.9591||TRACE|Ocelot.Logging.OcelotDiagnosticListener|requestId: 0HMPMFJDHP939:00000003, previousRequestId: no previous request id, message: MiddlewareStarting: EndOfPipeline; /Mail/send 
2023-04-06 12:57:16.9591||TRACE|Ocelot.Logging.OcelotDiagnosticListener|requestId: 0HMPMFJDHP939:00000003, previousRequestId: no previous request id, message: MiddlewareFinished: EndOfPipeline; 404 
2023-04-06 12:57:16.9591||TRACE|Ocelot.Logging.OcelotDiagnosticListener|requestId: 0HMPMFJDHP939:00000003, previousRequestId: no previous request id, message: MiddlewareFinished: Microsoft.AspNetCore.Routing.EndpointMiddleware; 404 
2023-04-06 12:57:16.9591||DEBUG|Ocelot.Responder.Middleware.ResponderMiddleware|requestId: 0HMPMFJDHP939:00000003, previousRequestId: no previous request id, message: no pipeline errors, setting and returning completed response 
2023-04-06 12:57:16.9591||DEBUG|Ocelot.Errors.Middleware.ExceptionHandlerMiddleware|requestId: 0HMPMFJDHP939:00000003, previousRequestId: no previous request id, message: ocelot pipeline finished 
2023-04-06 12:57:16.9591||INFO|LoanService.OcelotMiddleware|Request: http localhost:5003/Mail/send  {
  "to": "adrienne.beer86@ethereal.email",
  "content": "ssdada"
}
Request headers:
Accept:*/*
Connection:keep-alive
Host:localhost:5003
User-Agent:PostmanRuntime/7.31.3
Accept-Encoding:gzip, deflate, br
Content-Type:application/json
Content-Length:70
Postman-Token:d0b685a7-03b1-4718-b4db-f88e805a9cde
Response: 200: 
Response headers: 
Date:Thu, 06 Apr 2023 08:57:16 GMT
Server:Microsoft-IIS/10.0
Content-Length:0
X-Powered-By:ASP.NET
 
2023-04-06 12:57:16.9591||TRACE|Ocelot.Logging.OcelotDiagnosticListener|requestId: 0HMPMFJDHP939:00000003, previousRequestId: no previous request id, message: MiddlewareFinished: LoanService.OcelotMiddleware; 200 
2023-04-06 12:57:16.9591||TRACE|Ocelot.Logging.OcelotDiagnosticListener|requestId: 0HMPMFJDHP939:00000003, previousRequestId: no previous request id, message: MiddlewareFinished: Microsoft.AspNetCore.Routing.EndpointRoutingMiddleware; 200 
2023-04-06 12:57:16.9591||TRACE|Ocelot.Logging.OcelotDiagnosticListener|requestId: 0HMPMFJDHP939:00000003, previousRequestId: no previous request id, message: MiddlewareFinished: Microsoft.AspNetCore.Diagnostics.DeveloperExceptionPageMiddleware; 200 
